<?xml version="1.0" encoding="UTF-8"?>
<coverage generated="1720497661393" clover="3.2.0">
  <project timestamp="1720497661393" name="All files">
    <metrics statements="75" coveredstatements="72" conditionals="35" coveredconditionals="32" methods="38" coveredmethods="36" elements="148" coveredelements="140" complexity="0" loc="75" ncloc="75" packages="1" files="2" classes="2"/>
    <file name="config.ts" path="D:\bbv\Typescript2\config.ts">
      <metrics statements="1" coveredstatements="1" conditionals="0" coveredconditionals="0" methods="0" coveredmethods="0"/>
      <line num="3" count="1" type="stmt"/>
    </file>
    <file name="xMind.ts" path="D:\bbv\Typescript2\xMind.ts">
      <metrics statements="74" coveredstatements="71" conditionals="35" coveredconditionals="32" methods="38" coveredmethods="36"/>
      <line num="1" count="1" type="stmt"/>
      <line num="26" count="21" type="stmt"/>
      <line num="30" count="3" type="stmt"/>
      <line num="34" count="2" type="stmt"/>
      <line num="37" count="1" type="stmt"/>
      <line num="42" count="1" type="stmt"/>
      <line num="43" count="1" type="stmt"/>
      <line num="55" count="25" type="stmt"/>
      <line num="56" count="25" type="stmt"/>
      <line num="57" count="25" type="stmt"/>
      <line num="58" count="25" type="stmt"/>
      <line num="63" count="2" type="stmt"/>
      <line num="69" count="2" type="stmt"/>
      <line num="73" count="1" type="stmt"/>
      <line num="76" count="1" type="stmt"/>
      <line num="80" count="4" type="stmt"/>
      <line num="81" count="4" type="stmt"/>
      <line num="84" count="1" type="cond" truecount="2" falsecount="0"/>
      <line num="112" count="127" type="stmt"/>
      <line num="113" count="127" type="stmt"/>
      <line num="114" count="127" type="stmt"/>
      <line num="115" count="127" type="stmt"/>
      <line num="116" count="127" type="stmt"/>
      <line num="117" count="127" type="stmt"/>
      <line num="121" count="103" type="stmt"/>
      <line num="122" count="103" type="stmt"/>
      <line num="126" count="6" type="stmt"/>
      <line num="127" count="3" type="stmt"/>
      <line num="131" count="1" type="stmt"/>
      <line num="135" count="1" type="stmt"/>
      <line num="139" count="1" type="stmt"/>
      <line num="143" count="1" type="stmt"/>
      <line num="147" count="2" type="cond" truecount="3" falsecount="1"/>
      <line num="150" count="2" type="stmt"/>
      <line num="153" count="2" type="cond" truecount="3" falsecount="1"/>
      <line num="157" count="2" type="stmt"/>
      <line num="164" count="2" type="stmt"/>
      <line num="165" count="0" type="stmt"/>
      <line num="166" count="0" type="stmt"/>
      <line num="168" count="2" type="cond" truecount="3" falsecount="1"/>
      <line num="169" count="2" type="stmt"/>
      <line num="180" count="4" type="stmt"/>
      <line num="181" count="4" type="stmt"/>
      <line num="182" count="4" type="stmt"/>
      <line num="183" count="4" type="stmt"/>
      <line num="186" count="1" type="stmt"/>
      <line num="189" count="1" type="stmt"/>
      <line num="192" count="0" type="stmt"/>
      <line num="203" count="127" type="stmt"/>
      <line num="204" count="127" type="stmt"/>
      <line num="213" count="127" type="stmt"/>
      <line num="214" count="127" type="stmt"/>
      <line num="215" count="127" type="stmt"/>
      <line num="218" count="1" type="stmt"/>
      <line num="225" count="131" type="stmt"/>
      <line num="229" count="1" type="stmt"/>
      <line num="239" count="131" type="stmt"/>
      <line num="240" count="131" type="stmt"/>
      <line num="241" count="131" type="stmt"/>
      <line num="244" count="2" type="stmt"/>
      <line num="247" count="2" type="stmt"/>
      <line num="254" count="24" type="stmt"/>
      <line num="262" count="24" type="stmt"/>
      <line num="263" count="96" type="stmt"/>
      <line num="270" count="24" type="stmt"/>
      <line num="302" count="1" type="stmt"/>
      <line num="303" count="1" type="stmt"/>
      <line num="304" count="1" type="stmt"/>
      <line num="305" count="1" type="stmt"/>
      <line num="306" count="1" type="stmt"/>
      <line num="308" count="1" type="stmt"/>
      <line num="310" count="1" type="stmt"/>
      <line num="311" count="1" type="stmt"/>
      <line num="315" count="1" type="stmt"/>
    </file>
  </project>
</coverage>
