<?xml version="1.0" encoding="UTF-8"?>
<coverage generated="1720496597962" clover="3.2.0">
  <project timestamp="1720496597963" name="All files">
    <metrics statements="113" coveredstatements="105" conditionals="52" coveredconditionals="44" methods="66" coveredmethods="59" elements="231" coveredelements="208" complexity="0" loc="113" ncloc="113" packages="1" files="3" classes="3"/>
    <file name="Mouse.ts" path="D:\bbv\Typescript2\Mouse.ts">
      <metrics statements="38" coveredstatements="33" conditionals="15" coveredconditionals="12" methods="28" coveredmethods="23"/>
      <line num="11" count="1" type="cond" truecount="3" falsecount="1"/>
      <line num="14" count="1" type="cond" truecount="3" falsecount="1"/>
      <line num="17" count="1" type="stmt"/>
      <line num="20" count="1" type="stmt"/>
      <line num="23" count="1" type="stmt"/>
      <line num="26" count="0" type="stmt"/>
      <line num="29" count="1" type="stmt"/>
      <line num="32" count="0" type="stmt"/>
      <line num="35" count="0" type="stmt"/>
      <line num="38" count="1" type="stmt"/>
      <line num="39" count="1" type="stmt"/>
      <line num="40" count="1" type="stmt"/>
      <line num="60" count="16" type="stmt"/>
      <line num="61" count="16" type="stmt"/>
      <line num="62" count="16" type="stmt"/>
      <line num="66" count="1" type="stmt"/>
      <line num="69" count="1" type="stmt"/>
      <line num="80" count="8" type="stmt"/>
      <line num="81" count="8" type="stmt"/>
      <line num="82" count="8" type="stmt"/>
      <line num="86" count="1" type="cond" truecount="1" falsecount="1"/>
      <line num="100" count="8" type="stmt"/>
      <line num="101" count="8" type="stmt"/>
      <line num="102" count="8" type="stmt"/>
      <line num="106" count="1" type="stmt"/>
      <line num="109" count="1" type="stmt"/>
      <line num="112" count="0" type="stmt"/>
      <line num="115" count="1" type="stmt"/>
      <line num="124" count="24" type="stmt"/>
      <line num="125" count="24" type="stmt"/>
      <line num="135" count="8" type="stmt"/>
      <line num="136" count="8" type="stmt"/>
      <line num="146" count="8" type="stmt"/>
      <line num="150" count="1" type="stmt"/>
      <line num="153" count="0" type="stmt"/>
      <line num="162" count="16" type="stmt"/>
      <line num="163" count="16" type="stmt"/>
      <line num="171" count="1" type="stmt"/>
    </file>
    <file name="config.ts" path="D:\bbv\Typescript2\config.ts">
      <metrics statements="1" coveredstatements="1" conditionals="0" coveredconditionals="0" methods="0" coveredmethods="0"/>
      <line num="3" count="1" type="stmt"/>
    </file>
    <file name="xMind.ts" path="D:\bbv\Typescript2\xMind.ts">
      <metrics statements="74" coveredstatements="71" conditionals="37" coveredconditionals="32" methods="38" coveredmethods="36"/>
      <line num="1" count="1" type="stmt"/>
      <line num="26" count="21" type="stmt"/>
      <line num="30" count="3" type="stmt"/>
      <line num="34" count="2" type="stmt"/>
      <line num="37" count="1" type="stmt"/>
      <line num="42" count="1" type="stmt"/>
      <line num="43" count="1" type="stmt"/>
      <line num="55" count="25" type="stmt"/>
      <line num="56" count="25" type="stmt"/>
      <line num="57" count="25" type="stmt"/>
      <line num="58" count="25" type="stmt"/>
      <line num="63" count="2" type="stmt"/>
      <line num="69" count="2" type="stmt"/>
      <line num="73" count="1" type="stmt"/>
      <line num="76" count="1" type="stmt"/>
      <line num="80" count="4" type="stmt"/>
      <line num="81" count="4" type="stmt"/>
      <line num="84" count="1" type="cond" truecount="2" falsecount="0"/>
      <line num="112" count="127" type="stmt"/>
      <line num="113" count="127" type="stmt"/>
      <line num="114" count="127" type="stmt"/>
      <line num="115" count="127" type="stmt"/>
      <line num="116" count="127" type="stmt"/>
      <line num="117" count="127" type="stmt"/>
      <line num="121" count="103" type="stmt"/>
      <line num="122" count="103" type="stmt"/>
      <line num="126" count="6" type="stmt"/>
      <line num="127" count="3" type="stmt"/>
      <line num="131" count="1" type="stmt"/>
      <line num="135" count="1" type="stmt"/>
      <line num="139" count="1" type="stmt"/>
      <line num="143" count="1" type="stmt"/>
      <line num="147" count="2" type="cond" truecount="3" falsecount="1"/>
      <line num="150" count="2" type="stmt"/>
      <line num="153" count="2" type="cond" truecount="3" falsecount="1"/>
      <line num="157" count="2" type="stmt"/>
      <line num="164" count="2" type="stmt"/>
      <line num="165" count="0" type="stmt"/>
      <line num="166" count="0" type="stmt"/>
      <line num="168" count="2" type="cond" truecount="3" falsecount="1"/>
      <line num="169" count="2" type="stmt"/>
      <line num="180" count="4" type="stmt"/>
      <line num="181" count="4" type="stmt"/>
      <line num="182" count="4" type="stmt"/>
      <line num="183" count="4" type="stmt"/>
      <line num="186" count="1" type="stmt"/>
      <line num="189" count="1" type="stmt"/>
      <line num="192" count="0" type="stmt"/>
      <line num="203" count="127" type="stmt"/>
      <line num="204" count="127" type="stmt"/>
      <line num="213" count="127" type="stmt"/>
      <line num="214" count="127" type="stmt"/>
      <line num="215" count="127" type="stmt"/>
      <line num="218" count="1" type="stmt"/>
      <line num="225" count="131" type="stmt"/>
      <line num="229" count="1" type="stmt"/>
      <line num="239" count="131" type="stmt"/>
      <line num="240" count="131" type="stmt"/>
      <line num="241" count="131" type="stmt"/>
      <line num="244" count="2" type="stmt"/>
      <line num="247" count="2" type="stmt"/>
      <line num="254" count="24" type="stmt"/>
      <line num="262" count="24" type="stmt"/>
      <line num="263" count="96" type="stmt"/>
      <line num="270" count="24" type="stmt"/>
      <line num="302" count="1" type="stmt"/>
      <line num="303" count="1" type="stmt"/>
      <line num="304" count="1" type="stmt"/>
      <line num="305" count="1" type="stmt"/>
      <line num="306" count="1" type="stmt"/>
      <line num="308" count="1" type="stmt"/>
      <line num="310" count="1" type="stmt"/>
      <line num="311" count="1" type="stmt"/>
      <line num="315" count="1" type="stmt"/>
    </file>
  </project>
</coverage>
