{"D:\\bbv\\Typescript2\\Mouse.ts": {"path":"D:\\bbv\\Typescript2\\Mouse.ts","statementMap":{"0":{"start":{"line":11,"column":8},"end":{"line":11,"column":null}},"1":{"start":{"line":11,"column":34},"end":{"line":11,"column":58}},"2":{"start":{"line":14,"column":8},"end":{"line":14,"column":null}},"3":{"start":{"line":14,"column":34},"end":{"line":14,"column":58}},"4":{"start":{"line":17,"column":8},"end":{"line":17,"column":null}},"5":{"start":{"line":20,"column":8},"end":{"line":20,"column":null}},"6":{"start":{"line":23,"column":8},"end":{"line":23,"column":null}},"7":{"start":{"line":26,"column":8},"end":{"line":26,"column":null}},"8":{"start":{"line":29,"column":8},"end":{"line":29,"column":null}},"9":{"start":{"line":32,"column":8},"end":{"line":32,"column":null}},"10":{"start":{"line":35,"column":8},"end":{"line":35,"column":null}},"11":{"start":{"line":38,"column":8},"end":{"line":38,"column":null}},"12":{"start":{"line":39,"column":8},"end":{"line":39,"column":null}},"13":{"start":{"line":40,"column":8},"end":{"line":40,"column":null}},"14":{"start":{"line":171,"column":9},"end":{"line":171,"column":14}},"15":{"start":{"line":60,"column":8},"end":{"line":60,"column":null}},"16":{"start":{"line":61,"column":8},"end":{"line":61,"column":null}},"17":{"start":{"line":62,"column":8},"end":{"line":62,"column":null}},"18":{"start":{"line":66,"column":8},"end":{"line":66,"column":null}},"19":{"start":{"line":69,"column":8},"end":{"line":69,"column":null}},"20":{"start":{"line":171,"column":41},"end":{"line":171,"column":47}},"21":{"start":{"line":80,"column":8},"end":{"line":80,"column":null}},"22":{"start":{"line":81,"column":8},"end":{"line":81,"column":null}},"23":{"start":{"line":82,"column":8},"end":{"line":82,"column":null}},"24":{"start":{"line":86,"column":8},"end":{"line":86,"column":null}},"25":{"start":{"line":171,"column":33},"end":{"line":171,"column":39}},"26":{"start":{"line":100,"column":8},"end":{"line":100,"column":null}},"27":{"start":{"line":101,"column":8},"end":{"line":101,"column":null}},"28":{"start":{"line":102,"column":8},"end":{"line":102,"column":null}},"29":{"start":{"line":106,"column":8},"end":{"line":106,"column":null}},"30":{"start":{"line":109,"column":8},"end":{"line":109,"column":null}},"31":{"start":{"line":112,"column":8},"end":{"line":112,"column":null}},"32":{"start":{"line":115,"column":8},"end":{"line":115,"column":37}},"33":{"start":{"line":171,"column":49},"end":{"line":171,"column":54}},"34":{"start":{"line":124,"column":8},"end":{"line":124,"column":null}},"35":{"start":{"line":125,"column":8},"end":{"line":125,"column":null}},"36":{"start":{"line":171,"column":16},"end":{"line":171,"column":21}},"37":{"start":{"line":135,"column":8},"end":{"line":135,"column":null}},"38":{"start":{"line":136,"column":8},"end":{"line":136,"column":null}},"39":{"start":{"line":171,"column":23},"end":{"line":171,"column":31}},"40":{"start":{"line":146,"column":8},"end":{"line":146,"column":null}},"41":{"start":{"line":150,"column":8},"end":{"line":150,"column":null}},"42":{"start":{"line":153,"column":8},"end":{"line":153,"column":null}},"43":{"start":{"line":171,"column":56},"end":{"line":171,"column":59}},"44":{"start":{"line":162,"column":8},"end":{"line":162,"column":null}},"45":{"start":{"line":163,"column":8},"end":{"line":163,"column":null}},"46":{"start":{"line":171,"column":61},"end":{"line":171,"column":67}}},"fnMap":{"0":{"name":"(anonymous_0)","decl":{"start":{"line":10,"column":4},"end":{"line":10,"column":9}},"loc":{"start":{"line":10,"column":28},"end":{"line":12,"column":5}}},"1":{"name":"(anonymous_1)","decl":{"start":{"line":11,"column":27},"end":{"line":11,"column":30}},"loc":{"start":{"line":11,"column":34},"end":{"line":11,"column":58}}},"2":{"name":"(anonymous_2)","decl":{"start":{"line":13,"column":4},"end":{"line":13,"column":15}},"loc":{"start":{"line":13,"column":34},"end":{"line":15,"column":5}}},"3":{"name":"(anonymous_3)","decl":{"start":{"line":14,"column":27},"end":{"line":14,"column":30}},"loc":{"start":{"line":14,"column":34},"end":{"line":14,"column":58}}},"4":{"name":"(anonymous_4)","decl":{"start":{"line":16,"column":4},"end":{"line":16,"column":10}},"loc":{"start":{"line":16,"column":34},"end":{"line":18,"column":5}}},"5":{"name":"(anonymous_5)","decl":{"start":{"line":19,"column":4},"end":{"line":19,"column":20}},"loc":{"start":{"line":19,"column":37},"end":{"line":21,"column":5}}},"6":{"name":"(anonymous_6)","decl":{"start":{"line":22,"column":4},"end":{"line":22,"column":27}},"loc":{"start":{"line":22,"column":42},"end":{"line":24,"column":5}}},"7":{"name":"(anonymous_7)","decl":{"start":{"line":25,"column":4},"end":{"line":25,"column":27}},"loc":{"start":{"line":25,"column":42},"end":{"line":27,"column":5}}},"8":{"name":"(anonymous_8)","decl":{"start":{"line":28,"column":4},"end":{"line":28,"column":19}},"loc":{"start":{"line":28,"column":34},"end":{"line":30,"column":5}}},"9":{"name":"(anonymous_9)","decl":{"start":{"line":31,"column":4},"end":{"line":31,"column":19}},"loc":{"start":{"line":31,"column":34},"end":{"line":33,"column":5}}},"10":{"name":"(anonymous_10)","decl":{"start":{"line":34,"column":4},"end":{"line":34,"column":15}},"loc":{"start":{"line":34,"column":15},"end":{"line":36,"column":5}}},"11":{"name":"(anonymous_11)","decl":{"start":{"line":37,"column":4},"end":{"line":37,"column":8}},"loc":{"start":{"line":37,"column":41},"end":{"line":41,"column":5}}},"12":{"name":"(anonymous_12)","decl":{"start":{"line":59,"column":4},"end":{"line":59,"column":16}},"loc":{"start":{"line":59,"column":90},"end":{"line":63,"column":5}}},"13":{"name":"(anonymous_13)","decl":{"start":{"line":65,"column":4},"end":{"line":65,"column":9}},"loc":{"start":{"line":65,"column":9},"end":{"line":67,"column":5}}},"14":{"name":"(anonymous_14)","decl":{"start":{"line":68,"column":4},"end":{"line":68,"column":15}},"loc":{"start":{"line":68,"column":15},"end":{"line":70,"column":5}}},"15":{"name":"(anonymous_15)","decl":{"start":{"line":79,"column":4},"end":{"line":79,"column":16}},"loc":{"start":{"line":79,"column":103},"end":{"line":83,"column":5}}},"16":{"name":"(anonymous_16)","decl":{"start":{"line":85,"column":4},"end":{"line":85,"column":10}},"loc":{"start":{"line":85,"column":29},"end":{"line":87,"column":5}}},"17":{"name":"(anonymous_17)","decl":{"start":{"line":99,"column":4},"end":{"line":99,"column":16}},"loc":{"start":{"line":99,"column":74},"end":{"line":103,"column":5}}},"18":{"name":"(anonymous_18)","decl":{"start":{"line":105,"column":4},"end":{"line":105,"column":15}},"loc":{"start":{"line":105,"column":32},"end":{"line":107,"column":5}}},"19":{"name":"(anonymous_19)","decl":{"start":{"line":108,"column":4},"end":{"line":108,"column":22}},"loc":{"start":{"line":108,"column":37},"end":{"line":110,"column":5}}},"20":{"name":"(anonymous_20)","decl":{"start":{"line":111,"column":4},"end":{"line":111,"column":22}},"loc":{"start":{"line":111,"column":37},"end":{"line":113,"column":5}}},"21":{"name":"(anonymous_21)","decl":{"start":{"line":114,"column":4},"end":{"line":114,"column":15}},"loc":{"start":{"line":114,"column":15},"end":{"line":116,"column":5}}},"22":{"name":"(anonymous_22)","decl":{"start":{"line":123,"column":4},"end":{"line":123,"column":16}},"loc":{"start":{"line":123,"column":45},"end":{"line":126,"column":5}}},"23":{"name":"(anonymous_23)","decl":{"start":{"line":134,"column":4},"end":{"line":134,"column":16}},"loc":{"start":{"line":134,"column":36},"end":{"line":137,"column":5}}},"24":{"name":"(anonymous_24)","decl":{"start":{"line":145,"column":4},"end":{"line":145,"column":16}},"loc":{"start":{"line":145,"column":35},"end":{"line":147,"column":5}}},"25":{"name":"(anonymous_25)","decl":{"start":{"line":149,"column":4},"end":{"line":149,"column":16}},"loc":{"start":{"line":149,"column":31},"end":{"line":151,"column":5}}},"26":{"name":"(anonymous_26)","decl":{"start":{"line":152,"column":4},"end":{"line":152,"column":16}},"loc":{"start":{"line":152,"column":31},"end":{"line":154,"column":5}}},"27":{"name":"(anonymous_27)","decl":{"start":{"line":161,"column":4},"end":{"line":161,"column":16}},"loc":{"start":{"line":161,"column":57},"end":{"line":164,"column":5}}}},"branchMap":{"0":{"loc":{"start":{"line":11,"column":8},"end":{"line":11,"column":68}},"type":"cond-expr","locations":[{"start":{"line":11,"column":59},"end":{"line":11,"column":61}},{"start":{"line":11,"column":59},"end":{"line":11,"column":68}}]},"1":{"loc":{"start":{"line":11,"column":8},"end":{"line":11,"column":61}},"type":"binary-expr","locations":[{"start":{"line":11,"column":8},"end":{"line":11,"column":61}},{"start":{"line":11,"column":59},"end":{"line":11,"column":61}}]},"2":{"loc":{"start":{"line":14,"column":8},"end":{"line":14,"column":74}},"type":"cond-expr","locations":[{"start":{"line":14,"column":59},"end":{"line":14,"column":61}},{"start":{"line":14,"column":59},"end":{"line":14,"column":74}}]},"3":{"loc":{"start":{"line":14,"column":8},"end":{"line":14,"column":61}},"type":"binary-expr","locations":[{"start":{"line":14,"column":8},"end":{"line":14,"column":61}},{"start":{"line":14,"column":59},"end":{"line":14,"column":61}}]},"4":{"loc":{"start":{"line":59,"column":30},"end":{"line":59,"column":62}},"type":"default-arg","locations":[{"start":{"line":59,"column":45},"end":{"line":59,"column":62}}]},"5":{"loc":{"start":{"line":59,"column":64},"end":{"line":59,"column":90}},"type":"default-arg","locations":[{"start":{"line":59,"column":81},"end":{"line":59,"column":90}}]},"6":{"loc":{"start":{"line":79,"column":31},"end":{"line":79,"column":57}},"type":"default-arg","locations":[{"start":{"line":79,"column":48},"end":{"line":79,"column":57}}]},"7":{"loc":{"start":{"line":79,"column":59},"end":{"line":79,"column":103}},"type":"default-arg","locations":[{"start":{"line":79,"column":89},"end":{"line":79,"column":103}}]},"8":{"loc":{"start":{"line":86,"column":23},"end":{"line":86,"column":94}},"type":"cond-expr","locations":[{"start":{"line":86,"column":69},"end":{"line":86,"column":79}},{"start":{"line":86,"column":82},"end":{"line":86,"column":94}}]},"9":{"loc":{"start":{"line":99,"column":51},"end":{"line":99,"column":74}},"type":"default-arg","locations":[{"start":{"line":99,"column":69},"end":{"line":99,"column":74}}]}},"s":{"0":1,"1":1,"2":1,"3":1,"4":1,"5":1,"6":1,"7":0,"8":1,"9":0,"10":0,"11":1,"12":1,"13":1,"14":1,"15":16,"16":16,"17":16,"18":1,"19":1,"20":1,"21":8,"22":8,"23":8,"24":1,"25":1,"26":8,"27":8,"28":8,"29":1,"30":1,"31":0,"32":1,"33":1,"34":24,"35":24,"36":1,"37":8,"38":8,"39":1,"40":8,"41":1,"42":0,"43":1,"44":16,"45":16,"46":1},"f":{"0":1,"1":1,"2":1,"3":1,"4":1,"5":1,"6":1,"7":0,"8":1,"9":0,"10":0,"11":1,"12":16,"13":1,"14":1,"15":8,"16":1,"17":8,"18":1,"19":1,"20":0,"21":1,"22":24,"23":8,"24":8,"25":1,"26":0,"27":16},"b":{"0":[0,1],"1":[1,1],"2":[0,1],"3":[1,1],"4":[8],"5":[16],"6":[8],"7":[8],"8":[1,0],"9":[8]}}
,"D:\\bbv\\Typescript2\\config.ts": {"path":"D:\\bbv\\Typescript2\\config.ts","statementMap":{"0":{"start":{"line":3,"column":13},"end":{"line":23,"column":2}}},"fnMap":{},"branchMap":{},"s":{"0":1},"f":{},"b":{}}
,"D:\\bbv\\Typescript2\\xMind.ts": {"path":"D:\\bbv\\Typescript2\\xMind.ts","statementMap":{"0":{"start":{"line":1,"column":0},"end":{"line":1,"column":40}},"1":{"start":{"line":26,"column":8},"end":{"line":26,"column":29}},"2":{"start":{"line":30,"column":8},"end":{"line":30,"column":32}},"3":{"start":{"line":34,"column":8},"end":{"line":34,"column":59}},"4":{"start":{"line":34,"column":46},"end":{"line":34,"column":57}},"5":{"start":{"line":37,"column":26},"end":{"line":41,"column":36}},"6":{"start":{"line":42,"column":8},"end":{"line":42,"column":36}},"7":{"start":{"line":43,"column":8},"end":{"line":43,"column":25}},"8":{"start":{"line":315,"column":67},"end":{"line":315,"column":72}},"9":{"start":{"line":55,"column":8},"end":{"line":55,"column":33}},"10":{"start":{"line":56,"column":8},"end":{"line":56,"column":38}},"11":{"start":{"line":57,"column":8},"end":{"line":57,"column":41}},"12":{"start":{"line":58,"column":8},"end":{"line":58,"column":null}},"13":{"start":{"line":63,"column":29},"end":{"line":67,"column":null}},"14":{"start":{"line":69,"column":8},"end":{"line":69,"column":45}},"15":{"start":{"line":73,"column":8},"end":{"line":73,"column":70}},"16":{"start":{"line":73,"column":58},"end":{"line":73,"column":68}},"17":{"start":{"line":76,"column":8},"end":{"line":76,"column":null}},"18":{"start":{"line":80,"column":29},"end":{"line":80,"column":76}},"19":{"start":{"line":81,"column":8},"end":{"line":81,"column":45}},"20":{"start":{"line":84,"column":8},"end":{"line":84,"column":115}},"21":{"start":{"line":84,"column":60},"end":{"line":84,"column":113}},"22":{"start":{"line":315,"column":60},"end":{"line":315,"column":65}},"23":{"start":{"line":112,"column":8},"end":{"line":112,"column":24}},"24":{"start":{"line":113,"column":8},"end":{"line":113,"column":33}},"25":{"start":{"line":114,"column":8},"end":{"line":114,"column":27}},"26":{"start":{"line":115,"column":8},"end":{"line":115,"column":27}},"27":{"start":{"line":116,"column":8},"end":{"line":116,"column":25}},"28":{"start":{"line":117,"column":8},"end":{"line":117,"column":37}},"29":{"start":{"line":121,"column":8},"end":{"line":121,"column":null}},"30":{"start":{"line":122,"column":8},"end":{"line":122,"column":30}},"31":{"start":{"line":126,"column":8},"end":{"line":126,"column":56}},"32":{"start":{"line":126,"column":44},"end":{"line":126,"column":54}},"33":{"start":{"line":127,"column":8},"end":{"line":127,"column":31}},"34":{"start":{"line":131,"column":8},"end":{"line":131,"column":35}},"35":{"start":{"line":135,"column":8},"end":{"line":135,"column":38}},"36":{"start":{"line":139,"column":8},"end":{"line":139,"column":37}},"37":{"start":{"line":143,"column":8},"end":{"line":143,"column":39}},"38":{"start":{"line":147,"column":8},"end":{"line":147,"column":43}},"39":{"start":{"line":150,"column":8},"end":{"line":150,"column":36}},"40":{"start":{"line":153,"column":8},"end":{"line":153,"column":34}},"41":{"start":{"line":157,"column":30},"end":{"line":162,"column":null}},"42":{"start":{"line":164,"column":8},"end":{"line":167,"column":11}},"43":{"start":{"line":165,"column":36},"end":{"line":165,"column":57}},"44":{"start":{"line":166,"column":12},"end":{"line":166,"column":null}},"45":{"start":{"line":168,"column":8},"end":{"line":168,"column":null}},"46":{"start":{"line":169,"column":8},"end":{"line":169,"column":null}},"47":{"start":{"line":315,"column":9},"end":{"line":315,"column":14}},"48":{"start":{"line":180,"column":8},"end":{"line":180,"column":null}},"49":{"start":{"line":181,"column":8},"end":{"line":181,"column":null}},"50":{"start":{"line":182,"column":8},"end":{"line":182,"column":null}},"51":{"start":{"line":183,"column":8},"end":{"line":183,"column":null}},"52":{"start":{"line":186,"column":8},"end":{"line":186,"column":35}},"53":{"start":{"line":189,"column":8},"end":{"line":189,"column":39}},"54":{"start":{"line":192,"column":8},"end":{"line":192,"column":38}},"55":{"start":{"line":315,"column":16},"end":{"line":315,"column":28}},"56":{"start":{"line":203,"column":8},"end":{"line":203,"column":null}},"57":{"start":{"line":204,"column":8},"end":{"line":204,"column":null}},"58":{"start":{"line":315,"column":30},"end":{"line":315,"column":38}},"59":{"start":{"line":213,"column":8},"end":{"line":213,"column":null}},"60":{"start":{"line":214,"column":8},"end":{"line":214,"column":null}},"61":{"start":{"line":215,"column":8},"end":{"line":215,"column":null}},"62":{"start":{"line":218,"column":8},"end":{"line":218,"column":null}},"63":{"start":{"line":315,"column":40},"end":{"line":315,"column":45}},"64":{"start":{"line":225,"column":8},"end":{"line":225,"column":null}},"65":{"start":{"line":229,"column":8},"end":{"line":229,"column":null}},"66":{"start":{"line":315,"column":47},"end":{"line":315,"column":52}},"67":{"start":{"line":239,"column":8},"end":{"line":239,"column":null}},"68":{"start":{"line":240,"column":8},"end":{"line":240,"column":null}},"69":{"start":{"line":241,"column":8},"end":{"line":241,"column":null}},"70":{"start":{"line":244,"column":8},"end":{"line":244,"column":null}},"71":{"start":{"line":247,"column":8},"end":{"line":247,"column":null}},"72":{"start":{"line":315,"column":54},"end":{"line":315,"column":58}},"73":{"start":{"line":254,"column":25},"end":{"line":260,"column":null}},"74":{"start":{"line":262,"column":8},"end":{"line":269,"column":11}},"75":{"start":{"line":263,"column":12},"end":{"line":268,"column":15}},"76":{"start":{"line":270,"column":8},"end":{"line":270,"column":24}},"77":{"start":{"line":302,"column":14},"end":{"line":302,"column":25}},"78":{"start":{"line":303,"column":0},"end":{"line":303,"column":null}},"79":{"start":{"line":304,"column":17},"end":{"line":304,"column":28}},"80":{"start":{"line":305,"column":0},"end":{"line":305,"column":null}},"81":{"start":{"line":306,"column":0},"end":{"line":306,"column":null}},"82":{"start":{"line":308,"column":22},"end":{"line":308,"column":42}},"83":{"start":{"line":310,"column":0},"end":{"line":310,"column":null}},"84":{"start":{"line":311,"column":0},"end":{"line":311,"column":null}}},"fnMap":{"0":{"name":"(anonymous_0)","decl":{"start":{"line":25,"column":4},"end":{"line":25,"column":16}},"loc":{"start":{"line":25,"column":47},"end":{"line":27,"column":5}}},"1":{"name":"(anonymous_1)","decl":{"start":{"line":29,"column":4},"end":{"line":29,"column":12}},"loc":{"start":{"line":29,"column":25},"end":{"line":31,"column":5}}},"2":{"name":"(anonymous_2)","decl":{"start":{"line":33,"column":4},"end":{"line":33,"column":15}},"loc":{"start":{"line":33,"column":28},"end":{"line":35,"column":5}}},"3":{"name":"(anonymous_3)","decl":{"start":{"line":34,"column":41},"end":{"line":34,"column":42}},"loc":{"start":{"line":34,"column":46},"end":{"line":34,"column":57}}},"4":{"name":"(anonymous_4)","decl":{"start":{"line":36,"column":4},"end":{"line":36,"column":18}},"loc":{"start":{"line":36,"column":31},"end":{"line":44,"column":5}}},"5":{"name":"(anonymous_5)","decl":{"start":{"line":54,"column":4},"end":{"line":54,"column":16}},"loc":{"start":{"line":54,"column":156},"end":{"line":60,"column":5}}},"6":{"name":"(anonymous_6)","decl":{"start":{"line":62,"column":4},"end":{"line":62,"column":19}},"loc":{"start":{"line":62,"column":19},"end":{"line":70,"column":5}}},"7":{"name":"(anonymous_7)","decl":{"start":{"line":72,"column":4},"end":{"line":72,"column":22}},"loc":{"start":{"line":72,"column":34},"end":{"line":74,"column":5}}},"8":{"name":"(anonymous_8)","decl":{"start":{"line":73,"column":53},"end":{"line":73,"column":54}},"loc":{"start":{"line":73,"column":58},"end":{"line":73,"column":68}}},"9":{"name":"(anonymous_9)","decl":{"start":{"line":75,"column":4},"end":{"line":75,"column":15}},"loc":{"start":{"line":75,"column":28},"end":{"line":77,"column":5}}},"10":{"name":"(anonymous_10)","decl":{"start":{"line":79,"column":4},"end":{"line":79,"column":19}},"loc":{"start":{"line":79,"column":130},"end":{"line":82,"column":5}}},"11":{"name":"(anonymous_11)","decl":{"start":{"line":83,"column":4},"end":{"line":83,"column":22}},"loc":{"start":{"line":83,"column":53},"end":{"line":85,"column":5}}},"12":{"name":"(anonymous_12)","decl":{"start":{"line":84,"column":53},"end":{"line":84,"column":56}},"loc":{"start":{"line":84,"column":60},"end":{"line":84,"column":113}}},"13":{"name":"(anonymous_13)","decl":{"start":{"line":105,"column":4},"end":{"line":105,"column":null}},"loc":{"start":{"line":110,"column":39},"end":{"line":118,"column":5}}},"14":{"name":"(anonymous_14)","decl":{"start":{"line":120,"column":4},"end":{"line":120,"column":12}},"loc":{"start":{"line":120,"column":24},"end":{"line":123,"column":5}}},"15":{"name":"(anonymous_15)","decl":{"start":{"line":125,"column":4},"end":{"line":125,"column":15}},"loc":{"start":{"line":125,"column":27},"end":{"line":128,"column":5}}},"16":{"name":"(anonymous_16)","decl":{"start":{"line":126,"column":39},"end":{"line":126,"column":40}},"loc":{"start":{"line":126,"column":44},"end":{"line":126,"column":54}}},"17":{"name":"(anonymous_17)","decl":{"start":{"line":130,"column":4},"end":{"line":130,"column":14}},"loc":{"start":{"line":130,"column":27},"end":{"line":132,"column":5}}},"18":{"name":"(anonymous_18)","decl":{"start":{"line":134,"column":4},"end":{"line":134,"column":15}},"loc":{"start":{"line":134,"column":29},"end":{"line":136,"column":5}}},"19":{"name":"(anonymous_19)","decl":{"start":{"line":138,"column":4},"end":{"line":138,"column":15}},"loc":{"start":{"line":138,"column":28},"end":{"line":140,"column":5}}},"20":{"name":"(anonymous_20)","decl":{"start":{"line":142,"column":4},"end":{"line":142,"column":18}},"loc":{"start":{"line":142,"column":31},"end":{"line":144,"column":5}}},"21":{"name":"(anonymous_21)","decl":{"start":{"line":145,"column":4},"end":{"line":145,"column":20}},"loc":{"start":{"line":145,"column":44},"end":{"line":154,"column":5}}},"22":{"name":"(anonymous_22)","decl":{"start":{"line":156,"column":4},"end":{"line":156,"column":13}},"loc":{"start":{"line":156,"column":13},"end":{"line":170,"column":5}}},"23":{"name":"(anonymous_23)","decl":{"start":{"line":164,"column":27},"end":{"line":164,"column":36}},"loc":{"start":{"line":164,"column":39},"end":{"line":167,"column":9}}},"24":{"name":"(anonymous_24)","decl":{"start":{"line":179,"column":4},"end":{"line":179,"column":16}},"loc":{"start":{"line":179,"column":215},"end":{"line":184,"column":5}}},"25":{"name":"(anonymous_25)","decl":{"start":{"line":185,"column":4},"end":{"line":185,"column":14}},"loc":{"start":{"line":185,"column":27},"end":{"line":187,"column":5}}},"26":{"name":"(anonymous_26)","decl":{"start":{"line":188,"column":4},"end":{"line":188,"column":18}},"loc":{"start":{"line":188,"column":31},"end":{"line":190,"column":5}}},"27":{"name":"(anonymous_27)","decl":{"start":{"line":191,"column":4},"end":{"line":191,"column":15}},"loc":{"start":{"line":191,"column":29},"end":{"line":193,"column":5}}},"28":{"name":"(anonymous_28)","decl":{"start":{"line":202,"column":4},"end":{"line":202,"column":16}},"loc":{"start":{"line":202,"column":44},"end":{"line":205,"column":5}}},"29":{"name":"(anonymous_29)","decl":{"start":{"line":212,"column":4},"end":{"line":212,"column":16}},"loc":{"start":{"line":212,"column":90},"end":{"line":216,"column":5}}},"30":{"name":"(anonymous_30)","decl":{"start":{"line":217,"column":4},"end":{"line":217,"column":15}},"loc":{"start":{"line":217,"column":28},"end":{"line":219,"column":5}}},"31":{"name":"(anonymous_31)","decl":{"start":{"line":224,"column":4},"end":{"line":224,"column":16}},"loc":{"start":{"line":224,"column":38},"end":{"line":226,"column":5}}},"32":{"name":"(anonymous_32)","decl":{"start":{"line":228,"column":4},"end":{"line":228,"column":15}},"loc":{"start":{"line":228,"column":32},"end":{"line":230,"column":5}}},"33":{"name":"(anonymous_33)","decl":{"start":{"line":238,"column":4},"end":{"line":238,"column":16}},"loc":{"start":{"line":238,"column":87},"end":{"line":242,"column":5}}},"34":{"name":"(anonymous_34)","decl":{"start":{"line":243,"column":4},"end":{"line":243,"column":14}},"loc":{"start":{"line":243,"column":27},"end":{"line":245,"column":5}}},"35":{"name":"(anonymous_35)","decl":{"start":{"line":246,"column":4},"end":{"line":246,"column":18}},"loc":{"start":{"line":246,"column":31},"end":{"line":248,"column":5}}},"36":{"name":"(anonymous_36)","decl":{"start":{"line":253,"column":4},"end":{"line":253,"column":10}},"loc":{"start":{"line":253,"column":32},"end":{"line":271,"column":5}}},"37":{"name":"(anonymous_37)","decl":{"start":{"line":262,"column":41},"end":{"line":262,"column":46}},"loc":{"start":{"line":262,"column":49},"end":{"line":269,"column":9}}}},"branchMap":{"0":{"loc":{"start":{"line":25,"column":16},"end":{"line":25,"column":47}},"type":"default-arg","locations":[{"start":{"line":25,"column":34},"end":{"line":25,"column":47}}]},"1":{"loc":{"start":{"line":54,"column":16},"end":{"line":54,"column":69}},"type":"default-arg","locations":[{"start":{"line":54,"column":34},"end":{"line":54,"column":69}}]},"2":{"loc":{"start":{"line":54,"column":71},"end":{"line":54,"column":94}},"type":"default-arg","locations":[{"start":{"line":54,"column":92},"end":{"line":54,"column":94}}]},"3":{"loc":{"start":{"line":54,"column":96},"end":{"line":54,"column":129}},"type":"default-arg","locations":[{"start":{"line":54,"column":127},"end":{"line":54,"column":129}}]},"4":{"loc":{"start":{"line":54,"column":131},"end":{"line":54,"column":156}},"type":"default-arg","locations":[{"start":{"line":54,"column":146},"end":{"line":54,"column":156}}]},"5":{"loc":{"start":{"line":79,"column":52},"end":{"line":79,"column":78}},"type":"default-arg","locations":[{"start":{"line":79,"column":67},"end":{"line":79,"column":78}}]},"6":{"loc":{"start":{"line":79,"column":80},"end":{"line":79,"column":130}},"type":"default-arg","locations":[{"start":{"line":79,"column":93},"end":{"line":79,"column":130}}]},"7":{"loc":{"start":{"line":84,"column":62},"end":{"line":84,"column":112}},"type":"binary-expr","locations":[{"start":{"line":84,"column":62},"end":{"line":84,"column":87}},{"start":{"line":84,"column":91},"end":{"line":84,"column":112}}]},"8":{"loc":{"start":{"line":106,"column":8},"end":{"line":106,"column":43}},"type":"default-arg","locations":[{"start":{"line":106,"column":29},"end":{"line":106,"column":43}}]},"9":{"loc":{"start":{"line":107,"column":8},"end":{"line":107,"column":34}},"type":"default-arg","locations":[{"start":{"line":107,"column":23},"end":{"line":107,"column":34}}]},"10":{"loc":{"start":{"line":108,"column":8},"end":{"line":108,"column":34}},"type":"default-arg","locations":[{"start":{"line":108,"column":23},"end":{"line":108,"column":34}}]},"11":{"loc":{"start":{"line":109,"column":8},"end":{"line":109,"column":31}},"type":"default-arg","locations":[{"start":{"line":109,"column":21},"end":{"line":109,"column":31}}]},"12":{"loc":{"start":{"line":110,"column":8},"end":{"line":110,"column":39}},"type":"default-arg","locations":[{"start":{"line":110,"column":35},"end":{"line":110,"column":39}}]},"13":{"loc":{"start":{"line":147,"column":8},"end":{"line":147,"column":42}},"type":"cond-expr","locations":[{"start":{"line":147,"column":23},"end":{"line":147,"column":25}},{"start":{"line":147,"column":23},"end":{"line":147,"column":42}}]},"14":{"loc":{"start":{"line":147,"column":8},"end":{"line":147,"column":25}},"type":"binary-expr","locations":[{"start":{"line":147,"column":8},"end":{"line":147,"column":25}},{"start":{"line":147,"column":23},"end":{"line":147,"column":25}}]},"15":{"loc":{"start":{"line":153,"column":8},"end":{"line":153,"column":33}},"type":"cond-expr","locations":[{"start":{"line":153,"column":17},"end":{"line":153,"column":19}},{"start":{"line":153,"column":8},"end":{"line":153,"column":33}}]},"16":{"loc":{"start":{"line":153,"column":8},"end":{"line":153,"column":19}},"type":"binary-expr","locations":[{"start":{"line":153,"column":8},"end":{"line":153,"column":19}},{"start":{"line":153,"column":8},"end":{"line":153,"column":19}}]},"17":{"loc":{"start":{"line":168,"column":8},"end":{"line":168,"column":48}},"type":"cond-expr","locations":[{"start":{"line":168,"column":23},"end":{"line":168,"column":25}},{"start":{"line":168,"column":23},"end":{"line":168,"column":48}}]},"18":{"loc":{"start":{"line":168,"column":8},"end":{"line":168,"column":25}},"type":"binary-expr","locations":[{"start":{"line":168,"column":8},"end":{"line":168,"column":25}},{"start":{"line":168,"column":23},"end":{"line":168,"column":25}}]},"19":{"loc":{"start":{"line":179,"column":48},"end":{"line":179,"column":74}},"type":"default-arg","locations":[{"start":{"line":179,"column":63},"end":{"line":179,"column":74}}]},"20":{"loc":{"start":{"line":179,"column":76},"end":{"line":179,"column":215}},"type":"default-arg","locations":[{"start":{"line":179,"column":89},"end":{"line":179,"column":215}}]},"21":{"loc":{"start":{"line":202,"column":16},"end":{"line":202,"column":29}},"type":"default-arg","locations":[{"start":{"line":202,"column":28},"end":{"line":202,"column":29}}]},"22":{"loc":{"start":{"line":202,"column":31},"end":{"line":202,"column":44}},"type":"default-arg","locations":[{"start":{"line":202,"column":43},"end":{"line":202,"column":44}}]},"23":{"loc":{"start":{"line":212,"column":16},"end":{"line":212,"column":42}},"type":"default-arg","locations":[{"start":{"line":212,"column":31},"end":{"line":212,"column":42}}]},"24":{"loc":{"start":{"line":212,"column":44},"end":{"line":212,"column":65}},"type":"default-arg","locations":[{"start":{"line":212,"column":60},"end":{"line":212,"column":65}}]},"25":{"loc":{"start":{"line":212,"column":67},"end":{"line":212,"column":90}},"type":"default-arg","locations":[{"start":{"line":212,"column":85},"end":{"line":212,"column":90}}]},"26":{"loc":{"start":{"line":224,"column":16},"end":{"line":224,"column":38}},"type":"default-arg","locations":[{"start":{"line":224,"column":31},"end":{"line":224,"column":38}}]},"27":{"loc":{"start":{"line":238,"column":16},"end":{"line":238,"column":33}},"type":"default-arg","locations":[{"start":{"line":238,"column":31},"end":{"line":238,"column":33}}]},"28":{"loc":{"start":{"line":238,"column":35},"end":{"line":238,"column":58}},"type":"default-arg","locations":[{"start":{"line":238,"column":51},"end":{"line":238,"column":58}}]},"29":{"loc":{"start":{"line":238,"column":60},"end":{"line":238,"column":87}},"type":"default-arg","locations":[{"start":{"line":238,"column":78},"end":{"line":238,"column":87}}]}},"s":{"0":1,"1":21,"2":3,"3":1,"4":2,"5":1,"6":1,"7":1,"8":1,"9":25,"10":25,"11":25,"12":25,"13":2,"14":2,"15":1,"16":1,"17":1,"18":4,"19":4,"20":1,"21":1,"22":1,"23":127,"24":127,"25":127,"26":127,"27":127,"28":127,"29":103,"30":103,"31":3,"32":6,"33":3,"34":1,"35":1,"36":1,"37":1,"38":2,"39":2,"40":2,"41":2,"42":2,"43":0,"44":0,"45":2,"46":2,"47":1,"48":4,"49":4,"50":4,"51":4,"52":1,"53":1,"54":0,"55":1,"56":127,"57":127,"58":1,"59":127,"60":127,"61":127,"62":1,"63":1,"64":131,"65":1,"66":1,"67":131,"68":131,"69":131,"70":2,"71":2,"72":1,"73":24,"74":24,"75":96,"76":24,"77":1,"78":1,"79":1,"80":1,"81":1,"82":1,"83":1,"84":1},"f":{"0":21,"1":3,"2":1,"3":2,"4":1,"5":25,"6":2,"7":1,"8":1,"9":1,"10":4,"11":1,"12":1,"13":127,"14":103,"15":3,"16":6,"17":1,"18":1,"19":1,"20":1,"21":2,"22":2,"23":0,"24":4,"25":1,"26":1,"27":0,"28":127,"29":127,"30":1,"31":131,"32":1,"33":131,"34":2,"35":2,"36":24,"37":96},"b":{"0":[21],"1":[24],"2":[24],"3":[24],"4":[24],"5":[4],"6":[4],"7":[1,1],"8":[3],"9":[3],"10":[3],"11":[3],"12":[125],"13":[0,2],"14":[2,2],"15":[0,2],"16":[2,2],"17":[0,2],"18":[2,2],"19":[0],"20":[0],"21":[125],"22":[125],"23":[125],"24":[127],"25":[127],"26":[7],"27":[3],"28":[3],"29":[3]}}
}
