{"D:\\bbv\\Typescript2\\config.ts": {"path":"D:\\bbv\\Typescript2\\config.ts","statementMap":{"0":{"start":{"line":3,"column":13},"end":{"line":23,"column":2}}},"fnMap":{},"branchMap":{},"s":{"0":1},"f":{},"b":{}}
,"D:\\bbv\\Typescript2\\MicrosoftList\\Column.ts": {"path":"D:\\bbv\\Typescript2\\MicrosoftList\\Column.ts","statementMap":{"0":{"start":{"line":1,"column":0},"end":{"line":1,"column":34}},"1":{"start":{"line":4,"column":0},"end":{"line":4,"column":null}},"2":{"start":{"line":5,"column":4},"end":{"line":5,"column":null}},"3":{"start":{"line":6,"column":4},"end":{"line":6,"column":null}},"4":{"start":{"line":7,"column":4},"end":{"line":7,"column":null}},"5":{"start":{"line":8,"column":4},"end":{"line":8,"column":null}},"6":{"start":{"line":9,"column":4},"end":{"line":9,"column":null}},"7":{"start":{"line":10,"column":4},"end":{"line":10,"column":null}},"8":{"start":{"line":11,"column":4},"end":{"line":11,"column":null}},"9":{"start":{"line":12,"column":4},"end":{"line":12,"column":null}},"10":{"start":{"line":13,"column":4},"end":{"line":13,"column":null}},"11":{"start":{"line":23,"column":8},"end":{"line":23,"column":29}},"12":{"start":{"line":24,"column":8},"end":{"line":24,"column":25}},"13":{"start":{"line":25,"column":8},"end":{"line":25,"column":31}},"14":{"start":{"line":26,"column":8},"end":{"line":26,"column":25}},"15":{"start":{"line":30,"column":8},"end":{"line":30,"column":28}},"16":{"start":{"line":34,"column":8},"end":{"line":34,"column":34}},"17":{"start":{"line":38,"column":8},"end":{"line":38,"column":28}},"18":{"start":{"line":43,"column":9},"end":{"line":43,"column":15}}},"fnMap":{"0":{"name":"(anonymous_0)","decl":{"start":{"line":4,"column":0},"end":{"line":4,"column":5}},"loc":{"start":{"line":4,"column":15},"end":{"line":14,"column":1}}},"1":{"name":"(anonymous_1)","decl":{"start":{"line":22,"column":4},"end":{"line":22,"column":16}},"loc":{"start":{"line":22,"column":68},"end":{"line":27,"column":5}}},"2":{"name":"(anonymous_2)","decl":{"start":{"line":29,"column":4},"end":{"line":29,"column":14}},"loc":{"start":{"line":29,"column":30},"end":{"line":31,"column":5}}},"3":{"name":"(anonymous_3)","decl":{"start":{"line":33,"column":4},"end":{"line":33,"column":17}},"loc":{"start":{"line":33,"column":36},"end":{"line":35,"column":5}}},"4":{"name":"(anonymous_4)","decl":{"start":{"line":37,"column":4},"end":{"line":37,"column":14}},"loc":{"start":{"line":37,"column":34},"end":{"line":39,"column":5}}}},"branchMap":{"0":{"loc":{"start":{"line":4,"column":5},"end":{"line":4,"column":null}},"type":"binary-expr","locations":[{"start":{"line":4,"column":5},"end":{"line":4,"column":15}},{"start":{"line":4,"column":15},"end":{"line":4,"column":null}}]},"1":{"loc":{"start":{"line":22,"column":48},"end":{"line":22,"column":68}},"type":"default-arg","locations":[{"start":{"line":22,"column":66},"end":{"line":22,"column":68}}]}},"s":{"0":1,"1":1,"2":1,"3":1,"4":1,"5":1,"6":1,"7":1,"8":1,"9":1,"10":1,"11":69,"12":69,"13":69,"14":69,"15":0,"16":0,"17":0,"18":1},"f":{"0":1,"1":69,"2":0,"3":0,"4":0},"b":{"0":[1,1],"1":[69]}}
,"D:\\bbv\\Typescript2\\MicrosoftList\\Item.ts": {"path":"D:\\bbv\\Typescript2\\MicrosoftList\\Item.ts","statementMap":{"0":{"start":{"line":1,"column":0},"end":{"line":1,"column":33}},"1":{"start":{"line":11,"column":8},"end":{"line":11,"column":null}},"2":{"start":{"line":12,"column":8},"end":{"line":12,"column":null}},"3":{"start":{"line":13,"column":8},"end":{"line":13,"column":null}},"4":{"start":{"line":23,"column":9},"end":{"line":23,"column":13}}},"fnMap":{"0":{"name":"(anonymous_0)","decl":{"start":{"line":10,"column":4},"end":{"line":10,"column":16}},"loc":{"start":{"line":10,"column":65},"end":{"line":14,"column":5}}},"1":{"name":"(anonymous_1)","decl":{"start":{"line":15,"column":4},"end":{"line":15,"column":14}},"loc":{"start":{"line":15,"column":14},"end":{"line":17,"column":5}}},"2":{"name":"(anonymous_2)","decl":{"start":{"line":18,"column":4},"end":{"line":18,"column":17}},"loc":{"start":{"line":18,"column":17},"end":{"line":20,"column":5}}}},"branchMap":{"0":{"loc":{"start":{"line":10,"column":16},"end":{"line":10,"column":38}},"type":"default-arg","locations":[{"start":{"line":10,"column":36},"end":{"line":10,"column":38}}]},"1":{"loc":{"start":{"line":10,"column":40},"end":{"line":10,"column":65}},"type":"default-arg","locations":[{"start":{"line":10,"column":63},"end":{"line":10,"column":65}}]}},"s":{"0":1,"1":5,"2":5,"3":5,"4":1},"f":{"0":5,"1":0,"2":0},"b":{"0":[0],"1":[5]}}
,"D:\\bbv\\Typescript2\\MicrosoftList\\List.ts": {"path":"D:\\bbv\\Typescript2\\MicrosoftList\\List.ts","statementMap":{"0":{"start":{"line":1,"column":0},"end":{"line":1,"column":33}},"1":{"start":{"line":2,"column":0},"end":{"line":2,"column":29}},"2":{"start":{"line":3,"column":0},"end":{"line":3,"column":45}},"3":{"start":{"line":14,"column":8},"end":{"line":14,"column":null}},"4":{"start":{"line":15,"column":8},"end":{"line":15,"column":null}},"5":{"start":{"line":16,"column":8},"end":{"line":16,"column":null}},"6":{"start":{"line":17,"column":8},"end":{"line":17,"column":null}},"7":{"start":{"line":20,"column":26},"end":{"line":20,"column":54}},"8":{"start":{"line":21,"column":8},"end":{"line":21,"column":37}},"9":{"start":{"line":25,"column":8},"end":{"line":25,"column":null}},"10":{"start":{"line":25,"column":48},"end":{"line":25,"column":59}},"11":{"start":{"line":26,"column":8},"end":{"line":28,"column":11}},"12":{"start":{"line":27,"column":12},"end":{"line":27,"column":69}},"13":{"start":{"line":27,"column":54},"end":{"line":27,"column":67}},"14":{"start":{"line":31,"column":24},"end":{"line":31,"column":46}},"15":{"start":{"line":32,"column":8},"end":{"line":32,"column":33}},"16":{"start":{"line":35,"column":8},"end":{"line":35,"column":null}},"17":{"start":{"line":35,"column":44},"end":{"line":35,"column":55}},"18":{"start":{"line":38,"column":8},"end":{"line":38,"column":null}},"19":{"start":{"line":41,"column":8},"end":{"line":41,"column":null}},"20":{"start":{"line":44,"column":8},"end":{"line":44,"column":null}},"21":{"start":{"line":58,"column":9},"end":{"line":58,"column":13}},"22":{"start":{"line":48,"column":15},"end":{"line":48,"column":75}},"23":{"start":{"line":49,"column":0},"end":{"line":49,"column":17}},"24":{"start":{"line":50,"column":0},"end":{"line":50,"column":null}},"25":{"start":{"line":51,"column":0},"end":{"line":51,"column":20}},"26":{"start":{"line":52,"column":0},"end":{"line":52,"column":26}},"27":{"start":{"line":53,"column":0},"end":{"line":53,"column":28}},"28":{"start":{"line":54,"column":0},"end":{"line":54,"column":37}}},"fnMap":{"0":{"name":"(anonymous_0)","decl":{"start":{"line":13,"column":4},"end":{"line":13,"column":16}},"loc":{"start":{"line":13,"column":52},"end":{"line":18,"column":5}}},"1":{"name":"(anonymous_1)","decl":{"start":{"line":19,"column":4},"end":{"line":19,"column":13}},"loc":{"start":{"line":19,"column":50},"end":{"line":23,"column":5}}},"2":{"name":"(anonymous_2)","decl":{"start":{"line":24,"column":4},"end":{"line":24,"column":16}},"loc":{"start":{"line":24,"column":27},"end":{"line":29,"column":5}}},"3":{"name":"(anonymous_3)","decl":{"start":{"line":25,"column":43},"end":{"line":25,"column":44}},"loc":{"start":{"line":25,"column":48},"end":{"line":25,"column":59}}},"4":{"name":"(anonymous_4)","decl":{"start":{"line":26,"column":27},"end":{"line":26,"column":31}},"loc":{"start":{"line":26,"column":34},"end":{"line":28,"column":9}}},"5":{"name":"(anonymous_5)","decl":{"start":{"line":27,"column":47},"end":{"line":27,"column":50}},"loc":{"start":{"line":27,"column":54},"end":{"line":27,"column":67}}},"6":{"name":"(anonymous_6)","decl":{"start":{"line":30,"column":4},"end":{"line":30,"column":11}},"loc":{"start":{"line":30,"column":11},"end":{"line":33,"column":5}}},"7":{"name":"(anonymous_7)","decl":{"start":{"line":34,"column":4},"end":{"line":34,"column":14}},"loc":{"start":{"line":34,"column":25},"end":{"line":36,"column":5}}},"8":{"name":"(anonymous_8)","decl":{"start":{"line":35,"column":39},"end":{"line":35,"column":40}},"loc":{"start":{"line":35,"column":44},"end":{"line":35,"column":55}}},"9":{"name":"(anonymous_9)","decl":{"start":{"line":37,"column":4},"end":{"line":37,"column":13}},"loc":{"start":{"line":37,"column":13},"end":{"line":39,"column":5}}},"10":{"name":"(anonymous_10)","decl":{"start":{"line":40,"column":4},"end":{"line":40,"column":13}},"loc":{"start":{"line":40,"column":13},"end":{"line":42,"column":5}}},"11":{"name":"(anonymous_11)","decl":{"start":{"line":43,"column":4},"end":{"line":43,"column":14}},"loc":{"start":{"line":43,"column":27},"end":{"line":45,"column":5}}}},"branchMap":{"0":{"loc":{"start":{"line":13,"column":30},"end":{"line":13,"column":52}},"type":"default-arg","locations":[{"start":{"line":13,"column":50},"end":{"line":13,"column":52}}]}},"s":{"0":1,"1":1,"2":1,"3":8,"4":8,"5":8,"6":8,"7":4,"8":4,"9":1,"10":1,"11":1,"12":1,"13":1,"14":5,"15":5,"16":0,"17":0,"18":0,"19":0,"20":0,"21":1,"22":1,"23":1,"24":1,"25":1,"26":1,"27":1,"28":1},"f":{"0":8,"1":4,"2":1,"3":1,"4":1,"5":1,"6":5,"7":0,"8":0,"9":0,"10":0,"11":0},"b":{"0":[5]}}
,"D:\\bbv\\Typescript2\\MicrosoftList\\MicrosoftList.ts": {"path":"D:\\bbv\\Typescript2\\MicrosoftList\\MicrosoftList.ts","statementMap":{"0":{"start":{"line":3,"column":0},"end":{"line":3,"column":29}},"1":{"start":{"line":5,"column":0},"end":{"line":5,"column":51}},"2":{"start":{"line":14,"column":8},"end":{"line":14,"column":null}},"3":{"start":{"line":15,"column":8},"end":{"line":15,"column":null}},"4":{"start":{"line":16,"column":8},"end":{"line":16,"column":null}},"5":{"start":{"line":17,"column":8},"end":{"line":17,"column":null}},"6":{"start":{"line":20,"column":26},"end":{"line":20,"column":40}},"7":{"start":{"line":21,"column":8},"end":{"line":21,"column":null}},"8":{"start":{"line":24,"column":8},"end":{"line":24,"column":61}},"9":{"start":{"line":24,"column":44},"end":{"line":24,"column":59}},"10":{"start":{"line":27,"column":8},"end":{"line":27,"column":null}},"11":{"start":{"line":30,"column":21},"end":{"line":30,"column":64}},"12":{"start":{"line":30,"column":45},"end":{"line":30,"column":63}},"13":{"start":{"line":31,"column":8},"end":{"line":31,"column":108}},"14":{"start":{"line":31,"column":52},"end":{"line":31,"column":73}},"15":{"start":{"line":34,"column":8},"end":{"line":34,"column":83}},"16":{"start":{"line":34,"column":63},"end":{"line":34,"column":81}},"17":{"start":{"line":37,"column":25},"end":{"line":37,"column":70}},"18":{"start":{"line":37,"column":50},"end":{"line":37,"column":69}},"19":{"start":{"line":38,"column":8},"end":{"line":41,"column":9}},"20":{"start":{"line":39,"column":28},"end":{"line":39,"column":60}},"21":{"start":{"line":40,"column":12},"end":{"line":40,"column":37}},"22":{"start":{"line":53,"column":9},"end":{"line":53,"column":22}},"23":{"start":{"line":45,"column":22},"end":{"line":45,"column":41}},"24":{"start":{"line":46,"column":0},"end":{"line":46,"column":75}},"25":{"start":{"line":47,"column":0},"end":{"line":47,"column":null}},"26":{"start":{"line":48,"column":0},"end":{"line":48,"column":null}},"27":{"start":{"line":49,"column":0},"end":{"line":49,"column":null}}},"fnMap":{"0":{"name":"(anonymous_0)","decl":{"start":{"line":13,"column":4},"end":{"line":13,"column":16}},"loc":{"start":{"line":13,"column":84},"end":{"line":18,"column":5}}},"1":{"name":"(anonymous_1)","decl":{"start":{"line":19,"column":4},"end":{"line":19,"column":19}},"loc":{"start":{"line":19,"column":32},"end":{"line":22,"column":5}}},"2":{"name":"(anonymous_2)","decl":{"start":{"line":23,"column":4},"end":{"line":23,"column":14}},"loc":{"start":{"line":23,"column":29},"end":{"line":25,"column":5}}},"3":{"name":"(anonymous_3)","decl":{"start":{"line":24,"column":39},"end":{"line":24,"column":40}},"loc":{"start":{"line":24,"column":44},"end":{"line":24,"column":59}}},"4":{"name":"(anonymous_4)","decl":{"start":{"line":26,"column":4},"end":{"line":26,"column":14}},"loc":{"start":{"line":26,"column":33},"end":{"line":28,"column":5}}},"5":{"name":"(anonymous_5)","decl":{"start":{"line":29,"column":4},"end":{"line":29,"column":19}},"loc":{"start":{"line":29,"column":34},"end":{"line":32,"column":5}}},"6":{"name":"(anonymous_6)","decl":{"start":{"line":30,"column":37},"end":{"line":30,"column":41}},"loc":{"start":{"line":30,"column":45},"end":{"line":30,"column":63}}},"7":{"name":"(anonymous_7)","decl":{"start":{"line":31,"column":41},"end":{"line":31,"column":48}},"loc":{"start":{"line":31,"column":52},"end":{"line":31,"column":73}}},"8":{"name":"(anonymous_8)","decl":{"start":{"line":33,"column":4},"end":{"line":33,"column":22}},"loc":{"start":{"line":33,"column":37},"end":{"line":35,"column":5}}},"9":{"name":"(anonymous_9)","decl":{"start":{"line":34,"column":55},"end":{"line":34,"column":59}},"loc":{"start":{"line":34,"column":63},"end":{"line":34,"column":81}}},"10":{"name":"(anonymous_10)","decl":{"start":{"line":36,"column":4},"end":{"line":36,"column":19}},"loc":{"start":{"line":36,"column":52},"end":{"line":42,"column":5}}},"11":{"name":"(anonymous_11)","decl":{"start":{"line":37,"column":45},"end":{"line":37,"column":46}},"loc":{"start":{"line":37,"column":50},"end":{"line":37,"column":69}}}},"branchMap":{"0":{"loc":{"start":{"line":13,"column":16},"end":{"line":13,"column":84}},"type":"default-arg","locations":[{"start":{"line":13,"column":40},"end":{"line":13,"column":84}}]},"1":{"loc":{"start":{"line":31,"column":8},"end":{"line":31,"column":107}},"type":"binary-expr","locations":[{"start":{"line":31,"column":8},"end":{"line":31,"column":12}},{"start":{"line":31,"column":16},"end":{"line":31,"column":74}},{"start":{"line":31,"column":78},"end":{"line":31,"column":107}}]},"2":{"loc":{"start":{"line":38,"column":8},"end":{"line":41,"column":9}},"type":"if","locations":[{"start":{"line":38,"column":8},"end":{"line":41,"column":9}}]}},"s":{"0":1,"1":1,"2":8,"3":8,"4":8,"5":8,"6":5,"7":5,"8":1,"9":1,"10":0,"11":0,"12":0,"13":0,"14":0,"15":0,"16":0,"17":2,"18":2,"19":2,"20":2,"21":2,"22":1,"23":1,"24":1,"25":1,"26":1,"27":1},"f":{"0":8,"1":5,"2":1,"3":1,"4":0,"5":0,"6":0,"7":0,"8":0,"9":0,"10":2,"11":2},"b":{"0":[8],"1":[0,0,0],"2":[2]}}
,"D:\\bbv\\Typescript2\\MicrosoftList\\Template.ts": {"path":"D:\\bbv\\Typescript2\\MicrosoftList\\Template.ts","statementMap":{"0":{"start":{"line":1,"column":0},"end":{"line":1,"column":33}},"1":{"start":{"line":10,"column":8},"end":{"line":10,"column":null}},"2":{"start":{"line":11,"column":8},"end":{"line":11,"column":null}},"3":{"start":{"line":12,"column":8},"end":{"line":12,"column":null}},"4":{"start":{"line":16,"column":9},"end":{"line":16,"column":17}}},"fnMap":{"0":{"name":"(anonymous_0)","decl":{"start":{"line":9,"column":4},"end":{"line":9,"column":16}},"loc":{"start":{"line":9,"column":47},"end":{"line":13,"column":5}}}},"branchMap":{},"s":{"0":1,"1":24,"2":24,"3":24,"4":1},"f":{"0":24},"b":{}}
,"D:\\bbv\\Typescript2\\MicrosoftList\\TemplateService.ts": {"path":"D:\\bbv\\Typescript2\\MicrosoftList\\TemplateService.ts","statementMap":{"0":{"start":{"line":1,"column":0},"end":{"line":1,"column":38}},"1":{"start":{"line":2,"column":0},"end":{"line":2,"column":46}},"2":{"start":{"line":6,"column":8},"end":{"line":21,"column":10}},"3":{"start":{"line":26,"column":9},"end":{"line":26,"column":24}}},"fnMap":{"0":{"name":"(anonymous_0)","decl":{"start":{"line":5,"column":4},"end":{"line":5,"column":10}},"loc":{"start":{"line":5,"column":37},"end":{"line":22,"column":5}}}},"branchMap":{},"s":{"0":1,"1":1,"2":8,"3":1},"f":{"0":8},"b":{}}
,"D:\\bbv\\Typescript2\\xMind\\xMind.ts": {"path":"D:\\bbv\\Typescript2\\xMind\\xMind.ts","statementMap":{"0":{"start":{"line":1,"column":0},"end":{"line":1,"column":41}},"1":{"start":{"line":2,"column":0},"end":{"line":2,"column":22}},"2":{"start":{"line":13,"column":8},"end":{"line":13,"column":29}},"3":{"start":{"line":17,"column":23},"end":{"line":17,"column":34}},"4":{"start":{"line":18,"column":8},"end":{"line":18,"column":33}},"5":{"start":{"line":22,"column":8},"end":{"line":22,"column":59}},"6":{"start":{"line":22,"column":46},"end":{"line":22,"column":57}},"7":{"start":{"line":26,"column":32},"end":{"line":26,"column":50}},"8":{"start":{"line":27,"column":8},"end":{"line":27,"column":54}},"9":{"start":{"line":34,"column":8},"end":{"line":34,"column":42}},"10":{"start":{"line":35,"column":8},"end":{"line":35,"column":31}},"11":{"start":{"line":39,"column":8},"end":{"line":39,"column":null}},"12":{"start":{"line":272,"column":67},"end":{"line":272,"column":72}},"13":{"start":{"line":51,"column":8},"end":{"line":51,"column":33}},"14":{"start":{"line":52,"column":8},"end":{"line":52,"column":45}},"15":{"start":{"line":53,"column":8},"end":{"line":53,"column":25}},"16":{"start":{"line":54,"column":8},"end":{"line":54,"column":null}},"17":{"start":{"line":58,"column":29},"end":{"line":63,"column":null}},"18":{"start":{"line":65,"column":8},"end":{"line":65,"column":47}},"19":{"start":{"line":69,"column":8},"end":{"line":69,"column":74}},"20":{"start":{"line":69,"column":62},"end":{"line":69,"column":72}},"21":{"start":{"line":72,"column":8},"end":{"line":72,"column":null}},"22":{"start":{"line":76,"column":29},"end":{"line":76,"column":63}},"23":{"start":{"line":77,"column":8},"end":{"line":77,"column":37}},"24":{"start":{"line":80,"column":8},"end":{"line":80,"column":99}},"25":{"start":{"line":80,"column":44},"end":{"line":80,"column":97}},"26":{"start":{"line":272,"column":60},"end":{"line":272,"column":65}},"27":{"start":{"line":99,"column":8},"end":{"line":99,"column":24}},"28":{"start":{"line":100,"column":8},"end":{"line":100,"column":33}},"29":{"start":{"line":101,"column":8},"end":{"line":101,"column":27}},"30":{"start":{"line":102,"column":8},"end":{"line":102,"column":27}},"31":{"start":{"line":103,"column":8},"end":{"line":103,"column":25}},"32":{"start":{"line":104,"column":8},"end":{"line":104,"column":37}},"33":{"start":{"line":108,"column":8},"end":{"line":108,"column":null}},"34":{"start":{"line":109,"column":8},"end":{"line":109,"column":30}},"35":{"start":{"line":113,"column":8},"end":{"line":113,"column":56}},"36":{"start":{"line":113,"column":44},"end":{"line":113,"column":54}},"37":{"start":{"line":114,"column":8},"end":{"line":114,"column":31}},"38":{"start":{"line":118,"column":8},"end":{"line":118,"column":35}},"39":{"start":{"line":122,"column":8},"end":{"line":122,"column":38}},"40":{"start":{"line":126,"column":8},"end":{"line":126,"column":37}},"41":{"start":{"line":130,"column":8},"end":{"line":130,"column":39}},"42":{"start":{"line":134,"column":8},"end":{"line":134,"column":43}},"43":{"start":{"line":137,"column":8},"end":{"line":137,"column":36}},"44":{"start":{"line":140,"column":8},"end":{"line":140,"column":34}},"45":{"start":{"line":144,"column":30},"end":{"line":144,"column":47}},"46":{"start":{"line":145,"column":8},"end":{"line":145,"column":null}},"47":{"start":{"line":146,"column":8},"end":{"line":146,"column":null}},"48":{"start":{"line":272,"column":9},"end":{"line":272,"column":14}},"49":{"start":{"line":159,"column":8},"end":{"line":159,"column":null}},"50":{"start":{"line":160,"column":8},"end":{"line":160,"column":null}},"51":{"start":{"line":161,"column":8},"end":{"line":161,"column":null}},"52":{"start":{"line":162,"column":8},"end":{"line":162,"column":null}},"53":{"start":{"line":165,"column":8},"end":{"line":165,"column":35}},"54":{"start":{"line":168,"column":8},"end":{"line":168,"column":39}},"55":{"start":{"line":171,"column":8},"end":{"line":171,"column":38}},"56":{"start":{"line":272,"column":16},"end":{"line":272,"column":28}},"57":{"start":{"line":182,"column":8},"end":{"line":182,"column":null}},"58":{"start":{"line":183,"column":8},"end":{"line":183,"column":null}},"59":{"start":{"line":272,"column":30},"end":{"line":272,"column":38}},"60":{"start":{"line":192,"column":8},"end":{"line":192,"column":null}},"61":{"start":{"line":193,"column":8},"end":{"line":193,"column":null}},"62":{"start":{"line":194,"column":8},"end":{"line":194,"column":null}},"63":{"start":{"line":197,"column":8},"end":{"line":197,"column":null}},"64":{"start":{"line":272,"column":40},"end":{"line":272,"column":45}},"65":{"start":{"line":204,"column":8},"end":{"line":204,"column":null}},"66":{"start":{"line":208,"column":8},"end":{"line":208,"column":null}},"67":{"start":{"line":272,"column":47},"end":{"line":272,"column":52}},"68":{"start":{"line":218,"column":8},"end":{"line":218,"column":null}},"69":{"start":{"line":219,"column":8},"end":{"line":219,"column":null}},"70":{"start":{"line":220,"column":8},"end":{"line":220,"column":null}},"71":{"start":{"line":223,"column":8},"end":{"line":223,"column":null}},"72":{"start":{"line":226,"column":8},"end":{"line":226,"column":null}},"73":{"start":{"line":272,"column":54},"end":{"line":272,"column":58}},"74":{"start":{"line":233,"column":25},"end":{"line":239,"column":null}},"75":{"start":{"line":241,"column":8},"end":{"line":248,"column":11}},"76":{"start":{"line":242,"column":12},"end":{"line":247,"column":15}},"77":{"start":{"line":249,"column":8},"end":{"line":249,"column":24}},"78":{"start":{"line":255,"column":8},"end":{"line":255,"column":null}},"79":{"start":{"line":272,"column":74},"end":{"line":272,"column":85}},"80":{"start":{"line":261,"column":8},"end":{"line":261,"column":null}},"81":{"start":{"line":272,"column":87},"end":{"line":272,"column":98}}},"fnMap":{"0":{"name":"(anonymous_1)","decl":{"start":{"line":12,"column":4},"end":{"line":12,"column":16}},"loc":{"start":{"line":12,"column":47},"end":{"line":14,"column":5}}},"1":{"name":"(anonymous_2)","decl":{"start":{"line":16,"column":4},"end":{"line":16,"column":12}},"loc":{"start":{"line":16,"column":12},"end":{"line":19,"column":5}}},"2":{"name":"(anonymous_3)","decl":{"start":{"line":21,"column":4},"end":{"line":21,"column":15}},"loc":{"start":{"line":21,"column":28},"end":{"line":23,"column":5}}},"3":{"name":"(anonymous_4)","decl":{"start":{"line":22,"column":41},"end":{"line":22,"column":42}},"loc":{"start":{"line":22,"column":46},"end":{"line":22,"column":57}}},"4":{"name":"(anonymous_5)","decl":{"start":{"line":25,"column":4},"end":{"line":25,"column":18}},"loc":{"start":{"line":25,"column":31},"end":{"line":36,"column":5}}},"5":{"name":"(anonymous_6)","decl":{"start":{"line":38,"column":4},"end":{"line":38,"column":15}},"loc":{"start":{"line":38,"column":49},"end":{"line":40,"column":5}}},"6":{"name":"(anonymous_7)","decl":{"start":{"line":49,"column":4},"end":{"line":49,"column":16}},"loc":{"start":{"line":50,"column":60},"end":{"line":55,"column":5}}},"7":{"name":"(anonymous_8)","decl":{"start":{"line":57,"column":4},"end":{"line":57,"column":19}},"loc":{"start":{"line":57,"column":19},"end":{"line":66,"column":5}}},"8":{"name":"(anonymous_9)","decl":{"start":{"line":68,"column":4},"end":{"line":68,"column":22}},"loc":{"start":{"line":68,"column":34},"end":{"line":70,"column":5}}},"9":{"name":"(anonymous_10)","decl":{"start":{"line":69,"column":57},"end":{"line":69,"column":58}},"loc":{"start":{"line":69,"column":62},"end":{"line":69,"column":72}}},"10":{"name":"(anonymous_11)","decl":{"start":{"line":71,"column":4},"end":{"line":71,"column":15}},"loc":{"start":{"line":71,"column":28},"end":{"line":73,"column":5}}},"11":{"name":"(anonymous_12)","decl":{"start":{"line":75,"column":4},"end":{"line":75,"column":19}},"loc":{"start":{"line":75,"column":50},"end":{"line":78,"column":5}}},"12":{"name":"(anonymous_13)","decl":{"start":{"line":79,"column":4},"end":{"line":79,"column":22}},"loc":{"start":{"line":79,"column":53},"end":{"line":81,"column":5}}},"13":{"name":"(anonymous_14)","decl":{"start":{"line":80,"column":37},"end":{"line":80,"column":40}},"loc":{"start":{"line":80,"column":44},"end":{"line":80,"column":97}}},"14":{"name":"(anonymous_15)","decl":{"start":{"line":92,"column":4},"end":{"line":92,"column":null}},"loc":{"start":{"line":97,"column":39},"end":{"line":105,"column":5}}},"15":{"name":"(anonymous_16)","decl":{"start":{"line":107,"column":4},"end":{"line":107,"column":12}},"loc":{"start":{"line":107,"column":24},"end":{"line":110,"column":5}}},"16":{"name":"(anonymous_17)","decl":{"start":{"line":112,"column":4},"end":{"line":112,"column":15}},"loc":{"start":{"line":112,"column":27},"end":{"line":115,"column":5}}},"17":{"name":"(anonymous_18)","decl":{"start":{"line":113,"column":39},"end":{"line":113,"column":40}},"loc":{"start":{"line":113,"column":44},"end":{"line":113,"column":54}}},"18":{"name":"(anonymous_19)","decl":{"start":{"line":117,"column":4},"end":{"line":117,"column":14}},"loc":{"start":{"line":117,"column":27},"end":{"line":119,"column":5}}},"19":{"name":"(anonymous_20)","decl":{"start":{"line":121,"column":4},"end":{"line":121,"column":15}},"loc":{"start":{"line":121,"column":29},"end":{"line":123,"column":5}}},"20":{"name":"(anonymous_21)","decl":{"start":{"line":125,"column":4},"end":{"line":125,"column":15}},"loc":{"start":{"line":125,"column":28},"end":{"line":127,"column":5}}},"21":{"name":"(anonymous_22)","decl":{"start":{"line":129,"column":4},"end":{"line":129,"column":18}},"loc":{"start":{"line":129,"column":31},"end":{"line":131,"column":5}}},"22":{"name":"(anonymous_23)","decl":{"start":{"line":132,"column":4},"end":{"line":132,"column":20}},"loc":{"start":{"line":132,"column":44},"end":{"line":141,"column":5}}},"23":{"name":"(anonymous_24)","decl":{"start":{"line":143,"column":4},"end":{"line":143,"column":13}},"loc":{"start":{"line":143,"column":13},"end":{"line":147,"column":5}}},"24":{"name":"(anonymous_25)","decl":{"start":{"line":156,"column":4},"end":{"line":156,"column":16}},"loc":{"start":{"line":158,"column":91},"end":{"line":163,"column":5}}},"25":{"name":"(anonymous_26)","decl":{"start":{"line":164,"column":4},"end":{"line":164,"column":14}},"loc":{"start":{"line":164,"column":27},"end":{"line":166,"column":5}}},"26":{"name":"(anonymous_27)","decl":{"start":{"line":167,"column":4},"end":{"line":167,"column":18}},"loc":{"start":{"line":167,"column":31},"end":{"line":169,"column":5}}},"27":{"name":"(anonymous_28)","decl":{"start":{"line":170,"column":4},"end":{"line":170,"column":15}},"loc":{"start":{"line":170,"column":29},"end":{"line":172,"column":5}}},"28":{"name":"(anonymous_29)","decl":{"start":{"line":181,"column":4},"end":{"line":181,"column":16}},"loc":{"start":{"line":181,"column":44},"end":{"line":184,"column":5}}},"29":{"name":"(anonymous_30)","decl":{"start":{"line":191,"column":4},"end":{"line":191,"column":16}},"loc":{"start":{"line":191,"column":90},"end":{"line":195,"column":5}}},"30":{"name":"(anonymous_31)","decl":{"start":{"line":196,"column":4},"end":{"line":196,"column":15}},"loc":{"start":{"line":196,"column":28},"end":{"line":198,"column":5}}},"31":{"name":"(anonymous_32)","decl":{"start":{"line":203,"column":4},"end":{"line":203,"column":16}},"loc":{"start":{"line":203,"column":38},"end":{"line":205,"column":5}}},"32":{"name":"(anonymous_33)","decl":{"start":{"line":207,"column":4},"end":{"line":207,"column":15}},"loc":{"start":{"line":207,"column":32},"end":{"line":209,"column":5}}},"33":{"name":"(anonymous_34)","decl":{"start":{"line":217,"column":4},"end":{"line":217,"column":16}},"loc":{"start":{"line":217,"column":87},"end":{"line":221,"column":5}}},"34":{"name":"(anonymous_35)","decl":{"start":{"line":222,"column":4},"end":{"line":222,"column":14}},"loc":{"start":{"line":222,"column":27},"end":{"line":224,"column":5}}},"35":{"name":"(anonymous_36)","decl":{"start":{"line":225,"column":4},"end":{"line":225,"column":18}},"loc":{"start":{"line":225,"column":31},"end":{"line":227,"column":5}}},"36":{"name":"(anonymous_37)","decl":{"start":{"line":232,"column":4},"end":{"line":232,"column":10}},"loc":{"start":{"line":232,"column":32},"end":{"line":250,"column":5}}},"37":{"name":"(anonymous_38)","decl":{"start":{"line":241,"column":41},"end":{"line":241,"column":46}},"loc":{"start":{"line":241,"column":49},"end":{"line":248,"column":9}}},"38":{"name":"(anonymous_39)","decl":{"start":{"line":254,"column":4},"end":{"line":254,"column":10}},"loc":{"start":{"line":254,"column":23},"end":{"line":256,"column":5}}},"39":{"name":"(anonymous_40)","decl":{"start":{"line":260,"column":4},"end":{"line":260,"column":10}},"loc":{"start":{"line":260,"column":23},"end":{"line":262,"column":5}}}},"branchMap":{"0":{"loc":{"start":{"line":12,"column":16},"end":{"line":12,"column":47}},"type":"default-arg","locations":[{"start":{"line":12,"column":34},"end":{"line":12,"column":47}}]},"1":{"loc":{"start":{"line":49,"column":16},"end":{"line":49,"column":69}},"type":"default-arg","locations":[{"start":{"line":49,"column":34},"end":{"line":49,"column":69}}]},"2":{"loc":{"start":{"line":49,"column":71},"end":{"line":49,"column":99}},"type":"default-arg","locations":[{"start":{"line":49,"column":97},"end":{"line":49,"column":99}}]},"3":{"loc":{"start":{"line":50,"column":8},"end":{"line":50,"column":33}},"type":"default-arg","locations":[{"start":{"line":50,"column":31},"end":{"line":50,"column":33}}]},"4":{"loc":{"start":{"line":50,"column":35},"end":{"line":50,"column":60}},"type":"default-arg","locations":[{"start":{"line":50,"column":50},"end":{"line":50,"column":60}}]},"5":{"loc":{"start":{"line":80,"column":46},"end":{"line":80,"column":96}},"type":"binary-expr","locations":[{"start":{"line":80,"column":46},"end":{"line":80,"column":71}},{"start":{"line":80,"column":75},"end":{"line":80,"column":96}}]},"6":{"loc":{"start":{"line":93,"column":8},"end":{"line":93,"column":43}},"type":"default-arg","locations":[{"start":{"line":93,"column":29},"end":{"line":93,"column":43}}]},"7":{"loc":{"start":{"line":94,"column":8},"end":{"line":94,"column":34}},"type":"default-arg","locations":[{"start":{"line":94,"column":23},"end":{"line":94,"column":34}}]},"8":{"loc":{"start":{"line":95,"column":8},"end":{"line":95,"column":34}},"type":"default-arg","locations":[{"start":{"line":95,"column":23},"end":{"line":95,"column":34}}]},"9":{"loc":{"start":{"line":96,"column":8},"end":{"line":96,"column":31}},"type":"default-arg","locations":[{"start":{"line":96,"column":21},"end":{"line":96,"column":31}}]},"10":{"loc":{"start":{"line":97,"column":8},"end":{"line":97,"column":39}},"type":"default-arg","locations":[{"start":{"line":97,"column":35},"end":{"line":97,"column":39}}]},"11":{"loc":{"start":{"line":134,"column":8},"end":{"line":134,"column":42}},"type":"cond-expr","locations":[{"start":{"line":134,"column":23},"end":{"line":134,"column":25}},{"start":{"line":134,"column":23},"end":{"line":134,"column":42}}]},"12":{"loc":{"start":{"line":134,"column":8},"end":{"line":134,"column":25}},"type":"binary-expr","locations":[{"start":{"line":134,"column":8},"end":{"line":134,"column":25}},{"start":{"line":134,"column":23},"end":{"line":134,"column":25}}]},"13":{"loc":{"start":{"line":140,"column":8},"end":{"line":140,"column":33}},"type":"cond-expr","locations":[{"start":{"line":140,"column":17},"end":{"line":140,"column":19}},{"start":{"line":140,"column":8},"end":{"line":140,"column":33}}]},"14":{"loc":{"start":{"line":140,"column":8},"end":{"line":140,"column":19}},"type":"binary-expr","locations":[{"start":{"line":140,"column":8},"end":{"line":140,"column":19}},{"start":{"line":140,"column":8},"end":{"line":140,"column":19}}]},"15":{"loc":{"start":{"line":145,"column":8},"end":{"line":145,"column":48}},"type":"cond-expr","locations":[{"start":{"line":145,"column":23},"end":{"line":145,"column":25}},{"start":{"line":145,"column":23},"end":{"line":145,"column":48}}]},"16":{"loc":{"start":{"line":145,"column":8},"end":{"line":145,"column":25}},"type":"binary-expr","locations":[{"start":{"line":145,"column":8},"end":{"line":145,"column":25}},{"start":{"line":145,"column":23},"end":{"line":145,"column":25}}]},"17":{"loc":{"start":{"line":156,"column":48},"end":{"line":156,"column":74}},"type":"default-arg","locations":[{"start":{"line":156,"column":63},"end":{"line":156,"column":74}}]},"18":{"loc":{"start":{"line":157,"column":8},"end":{"line":158,"column":91}},"type":"default-arg","locations":[{"start":{"line":157,"column":21},"end":{"line":158,"column":91}}]},"19":{"loc":{"start":{"line":181,"column":16},"end":{"line":181,"column":29}},"type":"default-arg","locations":[{"start":{"line":181,"column":28},"end":{"line":181,"column":29}}]},"20":{"loc":{"start":{"line":181,"column":31},"end":{"line":181,"column":44}},"type":"default-arg","locations":[{"start":{"line":181,"column":43},"end":{"line":181,"column":44}}]},"21":{"loc":{"start":{"line":191,"column":16},"end":{"line":191,"column":42}},"type":"default-arg","locations":[{"start":{"line":191,"column":31},"end":{"line":191,"column":42}}]},"22":{"loc":{"start":{"line":191,"column":44},"end":{"line":191,"column":65}},"type":"default-arg","locations":[{"start":{"line":191,"column":60},"end":{"line":191,"column":65}}]},"23":{"loc":{"start":{"line":191,"column":67},"end":{"line":191,"column":90}},"type":"default-arg","locations":[{"start":{"line":191,"column":85},"end":{"line":191,"column":90}}]},"24":{"loc":{"start":{"line":203,"column":16},"end":{"line":203,"column":38}},"type":"default-arg","locations":[{"start":{"line":203,"column":31},"end":{"line":203,"column":38}}]},"25":{"loc":{"start":{"line":217,"column":16},"end":{"line":217,"column":33}},"type":"default-arg","locations":[{"start":{"line":217,"column":31},"end":{"line":217,"column":33}}]},"26":{"loc":{"start":{"line":217,"column":35},"end":{"line":217,"column":58}},"type":"default-arg","locations":[{"start":{"line":217,"column":51},"end":{"line":217,"column":58}}]},"27":{"loc":{"start":{"line":217,"column":60},"end":{"line":217,"column":87}},"type":"default-arg","locations":[{"start":{"line":217,"column":78},"end":{"line":217,"column":87}}]}},"s":{"0":1,"1":1,"2":23,"3":2,"4":2,"5":1,"6":2,"7":1,"8":1,"9":1,"10":1,"11":2,"12":1,"13":25,"14":25,"15":25,"16":25,"17":2,"18":2,"19":1,"20":1,"21":1,"22":4,"23":4,"24":1,"25":1,"26":1,"27":135,"28":135,"29":135,"30":135,"31":135,"32":135,"33":111,"34":111,"35":2,"36":5,"37":2,"38":1,"39":1,"40":1,"41":1,"42":1,"43":1,"44":1,"45":2,"46":2,"47":2,"48":1,"49":4,"50":4,"51":4,"52":4,"53":1,"54":1,"55":0,"56":1,"57":135,"58":135,"59":1,"60":135,"61":135,"62":135,"63":1,"64":1,"65":139,"66":1,"67":1,"68":139,"69":139,"70":139,"71":2,"72":2,"73":1,"74":25,"75":25,"76":100,"77":25,"78":1,"79":1,"80":1,"81":1},"f":{"0":23,"1":2,"2":1,"3":2,"4":1,"5":2,"6":25,"7":2,"8":1,"9":1,"10":1,"11":4,"12":1,"13":1,"14":135,"15":111,"16":2,"17":5,"18":1,"19":1,"20":1,"21":1,"22":1,"23":2,"24":4,"25":1,"26":1,"27":0,"28":135,"29":135,"30":1,"31":139,"32":1,"33":139,"34":2,"35":2,"36":25,"37":100,"38":1,"39":1},"b":{"0":[23],"1":[25],"2":[25],"3":[25],"4":[25],"5":[1,1],"6":[8],"7":[8],"8":[8],"9":[8],"10":[135],"11":[0,1],"12":[1,1],"13":[0,1],"14":[1,1],"15":[0,2],"16":[2,2],"17":[4],"18":[4],"19":[135],"20":[135],"21":[135],"22":[135],"23":[135],"24":[12],"25":[8],"26":[8],"27":[8]}}
}
