TN:
SF:Mouse.ts
FN:10,(anonymous_0)
FN:11,(anonymous_1)
FN:13,(anonymous_2)
FN:14,(anonymous_3)
FN:16,(anonymous_4)
FN:19,(anonymous_5)
FN:22,(anonymous_6)
FN:25,(anonymous_7)
FN:28,(anonymous_8)
FN:31,(anonymous_9)
FN:34,(anonymous_10)
FN:37,(anonymous_11)
FN:59,(anonymous_12)
FN:65,(anonymous_13)
FN:68,(anonymous_14)
FN:79,(anonymous_15)
FN:85,(anonymous_16)
FN:99,(anonymous_17)
FN:105,(anonymous_18)
FN:108,(anonymous_19)
FN:111,(anonymous_20)
FN:114,(anonymous_21)
FN:123,(anonymous_22)
FN:134,(anonymous_23)
FN:145,(anonymous_24)
FN:149,(anonymous_25)
FN:152,(anonymous_26)
FN:161,(anonymous_27)
FNF:28
FNH:23
FNDA:1,(anonymous_0)
FNDA:1,(anonymous_1)
FNDA:1,(anonymous_2)
FNDA:1,(anonymous_3)
FNDA:1,(anonymous_4)
FNDA:1,(anonymous_5)
FNDA:1,(anonymous_6)
FNDA:0,(anonymous_7)
FNDA:1,(anonymous_8)
FNDA:0,(anonymous_9)
FNDA:0,(anonymous_10)
FNDA:1,(anonymous_11)
FNDA:16,(anonymous_12)
FNDA:1,(anonymous_13)
FNDA:1,(anonymous_14)
FNDA:8,(anonymous_15)
FNDA:1,(anonymous_16)
FNDA:8,(anonymous_17)
FNDA:1,(anonymous_18)
FNDA:1,(anonymous_19)
FNDA:0,(anonymous_20)
FNDA:1,(anonymous_21)
FNDA:24,(anonymous_22)
FNDA:8,(anonymous_23)
FNDA:8,(anonymous_24)
FNDA:1,(anonymous_25)
FNDA:0,(anonymous_26)
FNDA:16,(anonymous_27)
DA:11,1
DA:14,1
DA:17,1
DA:20,1
DA:23,1
DA:26,0
DA:29,1
DA:32,0
DA:35,0
DA:38,1
DA:39,1
DA:40,1
DA:60,16
DA:61,16
DA:62,16
DA:66,1
DA:69,1
DA:80,8
DA:81,8
DA:82,8
DA:86,1
DA:100,8
DA:101,8
DA:102,8
DA:106,1
DA:109,1
DA:112,0
DA:115,1
DA:124,24
DA:125,24
DA:135,8
DA:136,8
DA:146,8
DA:150,1
DA:153,0
DA:162,16
DA:163,16
DA:171,1
LF:38
LH:33
BRDA:11,0,0,0
BRDA:11,0,1,1
BRDA:11,1,0,1
BRDA:11,1,1,1
BRDA:14,2,0,0
BRDA:14,2,1,1
BRDA:14,3,0,1
BRDA:14,3,1,1
BRDA:59,4,0,8
BRDA:59,5,0,16
BRDA:79,6,0,8
BRDA:79,7,0,8
BRDA:86,8,0,1
BRDA:86,8,1,0
BRDA:99,9,0,8
BRF:15
BRH:12
end_of_record
TN:
SF:config.ts
FNF:0
FNH:0
DA:3,1
LF:1
LH:1
BRF:0
BRH:0
end_of_record
TN:
SF:xMind.ts
FN:25,(anonymous_0)
FN:29,(anonymous_1)
FN:33,(anonymous_2)
FN:34,(anonymous_3)
FN:36,(anonymous_4)
FN:54,(anonymous_5)
FN:62,(anonymous_6)
FN:72,(anonymous_7)
FN:73,(anonymous_8)
FN:75,(anonymous_9)
FN:79,(anonymous_10)
FN:83,(anonymous_11)
FN:84,(anonymous_12)
FN:105,(anonymous_13)
FN:120,(anonymous_14)
FN:125,(anonymous_15)
FN:126,(anonymous_16)
FN:130,(anonymous_17)
FN:134,(anonymous_18)
FN:138,(anonymous_19)
FN:142,(anonymous_20)
FN:145,(anonymous_21)
FN:156,(anonymous_22)
FN:164,(anonymous_23)
FN:179,(anonymous_24)
FN:185,(anonymous_25)
FN:188,(anonymous_26)
FN:191,(anonymous_27)
FN:202,(anonymous_28)
FN:212,(anonymous_29)
FN:217,(anonymous_30)
FN:224,(anonymous_31)
FN:228,(anonymous_32)
FN:238,(anonymous_33)
FN:243,(anonymous_34)
FN:246,(anonymous_35)
FN:253,(anonymous_36)
FN:262,(anonymous_37)
FNF:38
FNH:36
FNDA:21,(anonymous_0)
FNDA:3,(anonymous_1)
FNDA:1,(anonymous_2)
FNDA:2,(anonymous_3)
FNDA:1,(anonymous_4)
FNDA:25,(anonymous_5)
FNDA:2,(anonymous_6)
FNDA:1,(anonymous_7)
FNDA:1,(anonymous_8)
FNDA:1,(anonymous_9)
FNDA:4,(anonymous_10)
FNDA:1,(anonymous_11)
FNDA:1,(anonymous_12)
FNDA:127,(anonymous_13)
FNDA:103,(anonymous_14)
FNDA:3,(anonymous_15)
FNDA:6,(anonymous_16)
FNDA:1,(anonymous_17)
FNDA:1,(anonymous_18)
FNDA:1,(anonymous_19)
FNDA:1,(anonymous_20)
FNDA:2,(anonymous_21)
FNDA:2,(anonymous_22)
FNDA:0,(anonymous_23)
FNDA:4,(anonymous_24)
FNDA:1,(anonymous_25)
FNDA:1,(anonymous_26)
FNDA:0,(anonymous_27)
FNDA:127,(anonymous_28)
FNDA:127,(anonymous_29)
FNDA:1,(anonymous_30)
FNDA:131,(anonymous_31)
FNDA:1,(anonymous_32)
FNDA:131,(anonymous_33)
FNDA:2,(anonymous_34)
FNDA:2,(anonymous_35)
FNDA:24,(anonymous_36)
FNDA:96,(anonymous_37)
DA:1,1
DA:26,21
DA:30,3
DA:34,2
DA:37,1
DA:42,1
DA:43,1
DA:55,25
DA:56,25
DA:57,25
DA:58,25
DA:63,2
DA:69,2
DA:73,1
DA:76,1
DA:80,4
DA:81,4
DA:84,1
DA:112,127
DA:113,127
DA:114,127
DA:115,127
DA:116,127
DA:117,127
DA:121,103
DA:122,103
DA:126,6
DA:127,3
DA:131,1
DA:135,1
DA:139,1
DA:143,1
DA:147,2
DA:150,2
DA:153,2
DA:157,2
DA:164,2
DA:165,0
DA:166,0
DA:168,2
DA:169,2
DA:180,4
DA:181,4
DA:182,4
DA:183,4
DA:186,1
DA:189,1
DA:192,0
DA:203,127
DA:204,127
DA:213,127
DA:214,127
DA:215,127
DA:218,1
DA:225,131
DA:229,1
DA:239,131
DA:240,131
DA:241,131
DA:244,2
DA:247,2
DA:254,24
DA:262,24
DA:263,96
DA:270,24
DA:302,1
DA:303,1
DA:304,1
DA:305,1
DA:306,1
DA:308,1
DA:310,1
DA:311,1
DA:315,1
LF:74
LH:71
BRDA:25,0,0,21
BRDA:54,1,0,24
BRDA:54,2,0,24
BRDA:54,3,0,24
BRDA:54,4,0,24
BRDA:79,5,0,4
BRDA:79,6,0,4
BRDA:84,7,0,1
BRDA:84,7,1,1
BRDA:106,8,0,3
BRDA:107,9,0,3
BRDA:108,10,0,3
BRDA:109,11,0,3
BRDA:110,12,0,125
BRDA:147,13,0,0
BRDA:147,13,1,2
BRDA:147,14,0,2
BRDA:147,14,1,2
BRDA:153,15,0,0
BRDA:153,15,1,2
BRDA:153,16,0,2
BRDA:153,16,1,2
BRDA:168,17,0,0
BRDA:168,17,1,2
BRDA:168,18,0,2
BRDA:168,18,1,2
BRDA:179,19,0,0
BRDA:179,20,0,0
BRDA:202,21,0,125
BRDA:202,22,0,125
BRDA:212,23,0,125
BRDA:212,24,0,127
BRDA:212,25,0,127
BRDA:224,26,0,7
BRDA:238,27,0,3
BRDA:238,28,0,3
BRDA:238,29,0,3
BRF:37
BRH:32
end_of_record
