TN:
SF:config.ts
FNF:0
FNH:0
DA:3,1
LF:1
LH:1
BRF:0
BRH:0
end_of_record
TN:
SF:MicrosoftList\Column.ts
FN:4,(anonymous_0)
FN:27,(anonymous_1)
FN:40,(anonymous_2)
FN:53,(anonymous_3)
FN:67,(anonymous_4)
FN:80,(anonymous_5)
FN:93,(anonymous_6)
FN:106,(anonymous_7)
FN:119,(anonymous_8)
FNF:9
FNH:5
FNDA:1,(anonymous_0)
FNDA:46,(anonymous_1)
FNDA:0,(anonymous_2)
FNDA:13,(anonymous_3)
FNDA:0,(anonymous_4)
FNDA:0,(anonymous_5)
FNDA:0,(anonymous_6)
FNDA:9,(anonymous_7)
FNDA:9,(anonymous_8)
DA:1,1
DA:4,1
DA:5,1
DA:6,1
DA:7,1
DA:8,1
DA:9,1
DA:10,1
DA:11,1
DA:12,1
DA:24,46
DA:28,46
DA:29,46
DA:30,46
DA:37,0
DA:41,0
DA:42,0
DA:43,0
DA:50,13
DA:54,13
DA:55,13
DA:56,13
DA:63,0
DA:68,0
DA:69,0
DA:70,0
DA:77,0
DA:81,0
DA:82,0
DA:83,0
DA:90,0
DA:94,0
DA:95,0
DA:96,0
DA:103,9
DA:107,9
DA:108,9
DA:109,9
DA:116,9
DA:120,9
DA:121,9
DA:122,9
DA:129,1
LF:43
LH:27
BRDA:4,0,0,1
BRDA:4,0,1,1
BRDA:27,1,0,46
BRDA:40,2,0,0
BRDA:53,3,0,13
BRDA:67,4,0,0
BRDA:80,5,0,0
BRDA:93,6,0,0
BRDA:106,7,0,9
BRDA:119,8,0,9
BRF:10
BRH:6
end_of_record
TN:
SF:MicrosoftList\Item.ts
FN:10,(anonymous_0)
FN:15,(anonymous_1)
FN:18,(anonymous_2)
FNF:3
FNH:1
FNDA:8,(anonymous_0)
FNDA:0,(anonymous_1)
FNDA:0,(anonymous_2)
DA:1,1
DA:11,8
DA:12,8
DA:13,8
DA:23,1
LF:5
LH:5
BRDA:10,0,0,0
BRDA:10,1,0,8
BRF:2
BRH:1
end_of_record
TN:
SF:MicrosoftList\List.ts
FN:13,(anonymous_0)
FN:19,(anonymous_1)
FN:22,(anonymous_2)
FN:23,(anonymous_3)
FN:24,(anonymous_4)
FN:25,(anonymous_5)
FN:28,(anonymous_6)
FN:32,(anonymous_7)
FN:33,(anonymous_8)
FN:35,(anonymous_9)
FN:38,(anonymous_10)
FN:41,(anonymous_11)
FNF:12
FNH:7
FNDA:9,(anonymous_0)
FNDA:4,(anonymous_1)
FNDA:1,(anonymous_2)
FNDA:1,(anonymous_3)
FNDA:1,(anonymous_4)
FNDA:1,(anonymous_5)
FNDA:8,(anonymous_6)
FNDA:0,(anonymous_7)
FNDA:0,(anonymous_8)
FNDA:0,(anonymous_9)
FNDA:0,(anonymous_10)
FNDA:0,(anonymous_11)
DA:1,1
DA:2,1
DA:3,1
DA:14,9
DA:15,9
DA:16,9
DA:17,9
DA:20,4
DA:23,1
DA:24,1
DA:25,1
DA:29,8
DA:30,8
DA:33,0
DA:36,0
DA:39,0
DA:42,0
DA:46,1
DA:47,1
DA:48,1
DA:49,1
DA:50,1
DA:51,1
DA:52,1
DA:53,1
DA:57,1
LF:26
LH:22
BRDA:13,0,0,6
BRF:1
BRH:1
end_of_record
TN:
SF:MicrosoftList\MicrosoftList.ts
FN:13,(anonymous_0)
FN:19,(anonymous_1)
FN:23,(anonymous_2)
FN:24,(anonymous_3)
FN:26,(anonymous_4)
FN:29,(anonymous_5)
FN:30,(anonymous_6)
FN:31,(anonymous_7)
FN:33,(anonymous_8)
FN:34,(anonymous_9)
FN:36,(anonymous_10)
FN:37,(anonymous_11)
FNF:12
FNH:6
FNDA:9,(anonymous_0)
FNDA:6,(anonymous_1)
FNDA:1,(anonymous_2)
FNDA:1,(anonymous_3)
FNDA:0,(anonymous_4)
FNDA:0,(anonymous_5)
FNDA:0,(anonymous_6)
FNDA:0,(anonymous_7)
FNDA:0,(anonymous_8)
FNDA:0,(anonymous_9)
FNDA:2,(anonymous_10)
FNDA:2,(anonymous_11)
DA:3,1
DA:5,1
DA:14,9
DA:15,9
DA:16,9
DA:17,9
DA:20,6
DA:21,6
DA:24,1
DA:27,0
DA:30,0
DA:31,0
DA:34,0
DA:37,2
DA:38,2
DA:39,2
DA:40,2
DA:45,1
DA:46,1
DA:47,1
DA:48,1
DA:49,1
DA:53,1
LF:23
LH:19
BRDA:13,0,0,9
BRDA:31,1,0,0
BRDA:31,1,1,0
BRDA:31,1,2,0
BRDA:38,2,0,2
BRF:5
BRH:2
end_of_record
TN:
SF:MicrosoftList\Template.ts
FN:9,(anonymous_0)
FNF:1
FNH:1
FNDA:27,(anonymous_0)
DA:1,1
DA:10,27
DA:11,27
DA:12,27
DA:16,1
LF:5
LH:5
BRF:0
BRH:0
end_of_record
TN:
SF:MicrosoftList\TemplateService.ts
FN:5,(anonymous_0)
FNF:1
FNH:1
FNDA:9,(anonymous_0)
DA:1,1
DA:2,1
DA:6,9
DA:26,1
LF:4
LH:4
BRF:0
BRH:0
end_of_record
TN:
SF:xMind\xMind.ts
FN:12,(anonymous_1)
FN:16,(anonymous_2)
FN:21,(anonymous_3)
FN:22,(anonymous_4)
FN:25,(anonymous_5)
FN:38,(anonymous_6)
FN:49,(anonymous_7)
FN:57,(anonymous_8)
FN:68,(anonymous_9)
FN:69,(anonymous_10)
FN:71,(anonymous_11)
FN:75,(anonymous_12)
FN:79,(anonymous_13)
FN:80,(anonymous_14)
FN:92,(anonymous_15)
FN:107,(anonymous_16)
FN:112,(anonymous_17)
FN:113,(anonymous_18)
FN:117,(anonymous_19)
FN:121,(anonymous_20)
FN:125,(anonymous_21)
FN:129,(anonymous_22)
FN:132,(anonymous_23)
FN:143,(anonymous_24)
FN:156,(anonymous_25)
FN:164,(anonymous_26)
FN:167,(anonymous_27)
FN:170,(anonymous_28)
FN:181,(anonymous_29)
FN:191,(anonymous_30)
FN:196,(anonymous_31)
FN:203,(anonymous_32)
FN:207,(anonymous_33)
FN:217,(anonymous_34)
FN:222,(anonymous_35)
FN:225,(anonymous_36)
FN:232,(anonymous_37)
FN:241,(anonymous_38)
FN:254,(anonymous_39)
FN:260,(anonymous_40)
FNF:40
FNH:39
FNDA:23,(anonymous_1)
FNDA:2,(anonymous_2)
FNDA:1,(anonymous_3)
FNDA:2,(anonymous_4)
FNDA:1,(anonymous_5)
FNDA:2,(anonymous_6)
FNDA:25,(anonymous_7)
FNDA:2,(anonymous_8)
FNDA:1,(anonymous_9)
FNDA:1,(anonymous_10)
FNDA:1,(anonymous_11)
FNDA:4,(anonymous_12)
FNDA:1,(anonymous_13)
FNDA:1,(anonymous_14)
FNDA:135,(anonymous_15)
FNDA:111,(anonymous_16)
FNDA:2,(anonymous_17)
FNDA:5,(anonymous_18)
FNDA:1,(anonymous_19)
FNDA:1,(anonymous_20)
FNDA:1,(anonymous_21)
FNDA:1,(anonymous_22)
FNDA:1,(anonymous_23)
FNDA:2,(anonymous_24)
FNDA:4,(anonymous_25)
FNDA:1,(anonymous_26)
FNDA:1,(anonymous_27)
FNDA:0,(anonymous_28)
FNDA:135,(anonymous_29)
FNDA:135,(anonymous_30)
FNDA:1,(anonymous_31)
FNDA:139,(anonymous_32)
FNDA:1,(anonymous_33)
FNDA:139,(anonymous_34)
FNDA:2,(anonymous_35)
FNDA:2,(anonymous_36)
FNDA:25,(anonymous_37)
FNDA:100,(anonymous_38)
FNDA:1,(anonymous_39)
FNDA:1,(anonymous_40)
DA:1,1
DA:2,1
DA:13,23
DA:17,2
DA:18,2
DA:22,2
DA:26,1
DA:27,1
DA:34,1
DA:35,1
DA:39,2
DA:51,25
DA:52,25
DA:53,25
DA:54,25
DA:58,2
DA:65,2
DA:69,1
DA:72,1
DA:76,4
DA:77,4
DA:80,1
DA:99,135
DA:100,135
DA:101,135
DA:102,135
DA:103,135
DA:104,135
DA:108,111
DA:109,111
DA:113,5
DA:114,2
DA:118,1
DA:122,1
DA:126,1
DA:130,1
DA:134,1
DA:137,1
DA:140,1
DA:144,2
DA:145,2
DA:146,2
DA:159,4
DA:160,4
DA:161,4
DA:162,4
DA:165,1
DA:168,1
DA:171,0
DA:182,135
DA:183,135
DA:192,135
DA:193,135
DA:194,135
DA:197,1
DA:204,139
DA:208,1
DA:218,139
DA:219,139
DA:220,139
DA:223,2
DA:226,2
DA:233,25
DA:241,25
DA:242,100
DA:249,25
DA:255,1
DA:261,1
DA:272,1
LF:69
LH:68
BRDA:12,0,0,23
BRDA:49,1,0,25
BRDA:49,2,0,25
BRDA:50,3,0,25
BRDA:50,4,0,25
BRDA:80,5,0,1
BRDA:80,5,1,1
BRDA:93,6,0,8
BRDA:94,7,0,8
BRDA:95,8,0,8
BRDA:96,9,0,8
BRDA:97,10,0,135
BRDA:134,11,0,0
BRDA:134,11,1,1
BRDA:134,12,0,1
BRDA:134,12,1,1
BRDA:140,13,0,0
BRDA:140,13,1,1
BRDA:140,14,0,1
BRDA:140,14,1,1
BRDA:145,15,0,0
BRDA:145,15,1,2
BRDA:145,16,0,2
BRDA:145,16,1,2
BRDA:156,17,0,4
BRDA:157,18,0,4
BRDA:181,19,0,135
BRDA:181,20,0,135
BRDA:191,21,0,135
BRDA:191,22,0,135
BRDA:191,23,0,135
BRDA:203,24,0,12
BRDA:217,25,0,8
BRDA:217,26,0,8
BRDA:217,27,0,8
BRF:35
BRH:32
end_of_record
